TN:
SF:prisma/seed/allocation.ts
FN:26,seedModuleLeads
FN:38,seedStudentEnrollments
FN:50,seedModuleTeachingAssistants
FN:66,seedTeamAllocations
FNF:4
FNH:4
FNDA:5,seedModuleLeads
FNDA:5,seedStudentEnrollments
FNDA:6,seedModuleTeachingAssistants
FNDA:5,seedTeamAllocations
DA:1,1
DA:26,5
DA:27,5
DA:28,5
DA:29,5
DA:30,1
DA:31,1
DA:32,4
DA:33,4
DA:34,4
DA:35,5
DA:36,5
DA:38,5
DA:39,5
DA:40,5
DA:41,5
DA:42,1
DA:43,1
DA:44,4
DA:45,4
DA:46,4
DA:47,5
DA:48,5
DA:50,6
DA:51,6
DA:52,6
DA:53,6
DA:54,1
DA:55,1
DA:56,5
DA:57,5
DA:58,6
DA:59,1
DA:60,1
DA:61,4
DA:62,4
DA:63,6
DA:64,6
DA:66,5
DA:67,5
DA:68,5
DA:69,5
DA:70,1
DA:71,1
DA:72,4
DA:73,4
DA:74,4
DA:75,5
DA:76,5
LF:49
LH:49
BRDA:26,0,0,5
BRDA:27,1,0,5
BRDA:29,2,0,4
BRDA:29,3,0,4
BRDA:29,4,0,1
BRDA:38,5,0,5
BRDA:39,6,0,5
BRDA:41,7,0,4
BRDA:41,8,0,4
BRDA:41,9,0,1
BRDA:50,10,0,6
BRDA:51,11,0,6
BRDA:53,12,0,5
BRDA:53,13,0,1
BRDA:55,14,0,5
BRDA:58,15,0,4
BRDA:58,16,0,1
BRDA:66,17,0,5
BRDA:67,18,0,5
BRDA:69,19,0,4
BRDA:69,20,0,4
BRDA:69,21,0,1
BRF:22
BRH:22
end_of_record
TN:
SF:prisma/seed/catalog.ts
FN:9,seedUsers
FN:24,seedModules
FN:47,seedQuestionnaireTemplates
FN:63,seedProjects
FN:95,seedTeams
FN:126,planUserSeedData
FN:130,planModuleSeedData
FN:140,buildSeedModuleCode
FN:144,planQuestionnaireTemplateSeedData
FN:152,planTemplateQuestionData
FN:160,buildProjectSeedRow
FN:177,planProjectSeedRows
FN:186,buildTeamSeedRow
FN:200,planTeamSeedRows
FN:210,getSeedUserEmails
FN:214,createSeedUsers
FN:221,updateSeedUserPasswordHashes
FN:228,findSeedUsers
FN:235,toSeedUsers
FN:244,buildTemplateSkipResult
FN:252,seedTemplateSet
FN:266,seedSingleTemplate
FN:279,findExistingTemplate
FN:286,writeTemplate
FN:317,resolveProjectSeedReadiness
FN:335,resolveTeamSeedReadiness
FNF:26
FNH:26
FNDA:4,seedUsers
FNDA:3,seedModules
FNDA:5,seedQuestionnaireTemplates
FNDA:7,seedProjects
FNDA:6,seedTeams
FNDA:5,planUserSeedData
FNDA:6,planModuleSeedData
FNDA:36,buildSeedModuleCode
FNDA:5,planQuestionnaireTemplateSeedData
FNDA:21,planTemplateQuestionData
FNDA:108,buildProjectSeedRow
FNDA:6,planProjectSeedRows
FNDA:270,buildTeamSeedRow
FNDA:5,planTeamSeedRows
FNDA:4,getSeedUserEmails
FNDA:4,createSeedUsers
FNDA:4,updateSeedUserPasswordHashes
FNDA:4,findSeedUsers
FNDA:4,toSeedUsers
FNDA:1,buildTemplateSkipResult
FNDA:4,seedTemplateSet
FNDA:20,seedSingleTemplate
FNDA:20,findExistingTemplate
FNDA:20,writeTemplate
FNDA:7,resolveProjectSeedReadiness
FNDA:6,resolveTeamSeedReadiness
DA:1,1
DA:9,4
DA:10,4
DA:11,4
DA:12,4
DA:13,4
DA:14,4
DA:16,4
DA:17,4
DA:18,4
DA:19,4
DA:20,4
DA:21,4
DA:22,4
DA:24,3
DA:25,3
DA:26,3
DA:27,3
DA:28,3
DA:29,3
DA:31,3
DA:32,3
DA:33,3
DA:34,3
DA:35,3
DA:36,3
DA:37,3
DA:39,3
DA:40,3
DA:41,3
DA:42,3
DA:43,3
DA:44,3
DA:45,3
DA:47,5
DA:48,5
DA:49,5
DA:50,1
DA:51,1
DA:53,4
DA:55,4
DA:56,4
DA:57,4
DA:58,4
DA:59,4
DA:60,5
DA:61,5
DA:63,7
DA:64,7
DA:65,7
DA:66,7
DA:68,4
DA:70,4
DA:71,4
DA:72,4
DA:73,4
DA:75,4
DA:76,4
DA:77,4
DA:78,4
DA:79,4
DA:80,4
DA:81,4
DA:83,4
DA:84,4
DA:85,14
DA:86,14
DA:87,14
DA:88,4
DA:89,4
DA:90,4
DA:91,4
DA:92,7
DA:93,7
DA:95,6
DA:96,6
DA:97,6
DA:98,6
DA:100,4
DA:102,4
DA:103,4
DA:104,4
DA:105,4
DA:107,4
DA:108,4
DA:109,4
DA:110,4
DA:111,4
DA:112,4
DA:113,4
DA:115,4
DA:116,4
DA:117,8
DA:118,8
DA:119,4
DA:120,4
DA:121,4
DA:122,4
DA:123,6
DA:124,6
DA:126,1
DA:127,5
DA:128,5
DA:130,1
DA:131,6
DA:132,36
DA:133,36
DA:134,36
DA:135,36
DA:136,36
DA:137,6
DA:138,6
DA:140,36
DA:141,36
DA:142,36
DA:144,1
DA:145,5
DA:146,25
DA:147,25
DA:148,25
DA:149,5
DA:150,5
DA:152,1
DA:153,21
DA:154,102
DA:155,102
DA:156,102
DA:157,21
DA:158,21
DA:160,108
DA:161,108
DA:162,108
DA:163,108
DA:164,108
DA:165,108
DA:166,108
DA:167,108
DA:168,108
DA:169,108
DA:170,108
DA:171,108
DA:172,108
DA:173,108
DA:174,108
DA:175,108
DA:177,1
DA:178,6
DA:179,6
DA:180,6
DA:181,6
DA:182,6
DA:183,6
DA:184,6
DA:186,270
DA:187,270
DA:188,270
DA:189,270
DA:190,270
DA:191,270
DA:192,270
DA:193,270
DA:194,270
DA:195,270
DA:196,270
DA:197,270
DA:198,270
DA:200,1
DA:201,5
DA:202,5
DA:210,4
DA:211,4
DA:212,4
DA:214,4
DA:215,4
DA:216,4
DA:217,4
DA:218,4
DA:219,4
DA:221,4
DA:222,4
DA:223,4
DA:224,4
DA:225,4
DA:226,4
DA:228,4
DA:229,4
DA:230,4
DA:231,4
DA:232,4
DA:233,4
DA:235,4
DA:236,4
DA:237,17
DA:238,17
DA:239,17
DA:240,17
DA:241,4
DA:242,4
DA:244,1
DA:245,1
DA:246,1
DA:247,1
DA:248,1
DA:249,1
DA:250,1
DA:252,4
DA:253,4
DA:254,4
DA:255,4
DA:256,4
DA:257,4
DA:258,20
DA:259,20
DA:260,20
DA:261,20
DA:262,20
DA:263,4
DA:264,4
DA:266,20
DA:267,20
DA:268,20
DA:269,20
DA:270,20
DA:271,20
DA:272,20
DA:273,20
DA:274,20
DA:275,20
DA:276,20
DA:277,20
DA:279,20
DA:280,20
DA:281,20
DA:282,20
DA:283,20
DA:284,20
DA:286,20
DA:287,20
DA:288,20
DA:289,20
DA:290,20
DA:291,20
DA:292,20
DA:293,20
DA:294,1
DA:295,1
DA:296,1
DA:297,1
DA:298,1
DA:299,1
DA:300,1
DA:301,1
DA:302,1
DA:303,1
DA:304,1
DA:306,19
DA:307,19
DA:308,19
DA:309,19
DA:310,19
DA:311,19
DA:312,19
DA:313,19
DA:314,19
DA:315,19
DA:317,7
DA:318,7
DA:319,2
DA:320,2
DA:321,2
DA:322,2
DA:323,2
DA:324,5
DA:325,5
DA:326,7
DA:327,1
DA:328,1
DA:329,1
DA:330,1
DA:331,1
DA:332,4
DA:333,4
DA:335,6
DA:336,6
DA:337,1
DA:338,1
DA:339,5
DA:340,6
DA:341,1
DA:342,1
DA:343,1
DA:344,1
DA:345,1
DA:346,4
DA:347,4
LF:295
LH:295
BRDA:9,0,0,4
BRDA:10,1,0,4
BRDA:24,2,0,3
BRDA:25,3,0,3
BRDA:35,4,0,18
BRDA:40,5,0,6
BRDA:47,6,0,5
BRDA:48,7,0,5
BRDA:49,8,0,4
BRDA:49,9,0,1
BRDA:63,10,0,7
BRDA:64,11,0,7
BRDA:66,12,0,4
BRDA:66,13,0,3
BRDA:78,14,0,8
BRDA:79,15,0,72
BRDA:84,16,0,14
BRDA:95,17,0,6
BRDA:96,18,0,6
BRDA:98,19,0,4
BRDA:98,20,0,2
BRDA:111,21,0,216
BRDA:116,22,0,8
BRDA:126,23,0,5
BRDA:127,24,0,1005
BRDA:130,25,0,6
BRDA:131,26,0,36
BRDA:140,27,0,36
BRDA:144,28,0,5
BRDA:145,29,0,25
BRDA:152,30,0,21
BRDA:153,31,0,102
BRDA:160,32,0,108
BRDA:167,33,0,78
BRDA:168,34,0,18
BRDA:177,35,0,6
BRDA:183,36,0,108
BRDA:186,37,0,270
BRDA:192,38,0,225
BRDA:200,39,0,5
BRDA:201,40,0,270
BRDA:210,41,0,4
BRDA:211,42,0,804
BRDA:214,43,0,4
BRDA:221,44,0,4
BRDA:228,45,0,4
BRDA:235,46,0,4
BRDA:236,47,0,17
BRDA:244,48,0,1
BRDA:252,49,0,4
BRDA:257,50,0,20
BRDA:260,51,0,19
BRDA:260,52,0,1
BRDA:266,53,0,20
BRDA:271,54,0,1
BRDA:275,55,0,55
BRDA:279,56,0,20
BRDA:286,57,0,20
BRDA:293,58,0,1
BRDA:304,59,0,19
BRDA:317,60,0,7
BRDA:318,61,0,6
BRDA:318,62,0,5
BRDA:318,63,0,2
BRDA:326,64,0,4
BRDA:326,65,0,4
BRDA:326,66,0,1
BRDA:335,67,0,6
BRDA:336,68,0,1
BRDA:338,69,0,5
BRDA:340,70,0,4
BRDA:340,71,0,1
BRF:72
BRH:72
end_of_record
TN:
SF:prisma/seed/completed-project.ts
FN:5,seedCompletedProjectScenario
FNF:1
FNH:1
FNDA:6,seedCompletedProjectScenario
DA:1,1
DA:5,6
DA:6,6
DA:7,6
DA:8,6
DA:9,2
DA:10,2
DA:11,4
DA:12,6
DA:13,6
LF:10
LH:10
BRDA:5,0,0,6
BRDA:6,1,0,6
BRDA:8,2,0,2
BRDA:10,3,0,4
BRF:4
BRH:4
end_of_record
TN:
SF:prisma/seed/config.ts
FN:34,isEnabled
FN:39,getNumber
FN:80,resolveSeedProfileConfig
FNF:3
FNH:3
FNDA:30,isEnabled
FNDA:45,getNumber
FNDA:15,resolveSeedProfileConfig
DA:1,1
DA:7,1
DA:8,1
DA:9,1
DA:10,1
DA:11,1
DA:12,1
DA:13,1
DA:14,1
DA:15,1
DA:16,1
DA:17,1
DA:34,30
DA:35,30
DA:36,7
DA:37,7
DA:39,45
DA:40,45
DA:41,6
DA:42,45
DA:43,45
DA:45,1
DA:46,1
DA:47,1
DA:48,1
DA:49,1
DA:50,1
DA:51,1
DA:53,1
DA:54,1
DA:55,1
DA:56,1
DA:57,1
DA:58,1
DA:59,1
DA:60,1
DA:61,1
DA:62,1
DA:63,1
DA:64,1
DA:65,1
DA:66,1
DA:67,1
DA:68,1
DA:69,1
DA:70,1
DA:71,1
DA:72,1
DA:73,1
DA:74,1
DA:75,1
DA:76,1
DA:77,1
DA:78,1
DA:80,15
DA:81,15
DA:82,15
DA:84,15
DA:85,11
DA:86,15
DA:87,4
DA:88,4
DA:90,15
DA:91,14
DA:92,15
DA:93,1
DA:94,1
DA:96,15
DA:97,15
DA:98,15
DA:99,15
DA:100,15
DA:102,1
LF:73
LH:73
BRDA:7,0,0,14
BRDA:8,1,0,5
BRDA:10,2,0,14
BRDA:13,3,0,14
BRDA:15,4,0,14
BRDA:45,5,0,12
BRDA:45,6,0,1
BRDA:34,7,0,30
BRDA:35,8,0,23
BRDA:35,9,0,7
BRDA:39,10,0,45
BRDA:40,11,0,39
BRDA:40,12,0,6
BRDA:42,13,0,4
BRDA:42,14,0,2
BRDA:80,15,0,15
BRDA:81,16,0,1
BRDA:84,17,0,11
BRDA:86,18,0,4
BRDA:90,19,0,14
BRDA:92,20,0,1
BRF:21
BRH:21
end_of_record
TN:
SF:prisma/seed/core.ts
FN:8,assertPrismaClientModels
FN:17,getSeedEnterprises
FN:51,seedAdminUser
FN:64,buildSeedEnterprise
FN:78,getAdminBootstrapCredentials
FN:85,missingAdminCredentialsResult
FN:93,existingAdminResult
FN:101,createdAdminResult
FN:109,findEnterpriseAdminByEmail
FN:115,createAdminUser
FNF:10
FNH:10
FNDA:4,assertPrismaClientModels
FNDA:5,getSeedEnterprises
FNDA:6,seedAdminUser
FNDA:6,buildSeedEnterprise
FNDA:6,getAdminBootstrapCredentials
FNDA:3,missingAdminCredentialsResult
FNDA:1,existingAdminResult
FNDA:2,createdAdminResult
FNDA:3,findEnterpriseAdminByEmail
FNDA:2,createAdminUser
DA:1,1
DA:8,1
DA:9,4
DA:10,4
DA:11,1
DA:12,1
DA:13,1
DA:14,1
DA:15,4
DA:17,5
DA:18,5
DA:19,5
DA:20,5
DA:22,5
DA:23,6
DA:24,6
DA:25,6
DA:26,6
DA:27,6
DA:29,6
DA:30,3
DA:31,3
DA:32,3
DA:34,3
DA:35,3
DA:36,3
DA:37,3
DA:39,3
DA:40,3
DA:41,3
DA:43,5
DA:44,5
DA:45,5
DA:46,5
DA:47,5
DA:48,5
DA:49,5
DA:51,6
DA:52,6
DA:53,6
DA:54,6
DA:56,3
DA:57,4
DA:59,2
DA:60,2
DA:61,6
DA:62,6
DA:64,6
DA:65,6
DA:66,5
DA:67,5
DA:68,5
DA:69,5
DA:70,5
DA:72,1
DA:73,1
DA:74,1
DA:75,1
DA:76,1
DA:78,6
DA:79,6
DA:80,6
DA:81,6
DA:82,3
DA:83,3
DA:85,3
DA:86,3
DA:87,3
DA:88,3
DA:89,3
DA:90,3
DA:91,3
DA:93,1
DA:94,1
DA:95,1
DA:96,1
DA:97,1
DA:98,1
DA:99,1
DA:101,2
DA:102,2
DA:103,2
DA:104,2
DA:105,2
DA:106,2
DA:107,2
DA:109,3
DA:110,3
DA:111,3
DA:112,3
DA:113,3
DA:115,2
DA:116,2
DA:117,2
DA:118,2
DA:119,2
DA:120,2
DA:121,2
DA:122,2
DA:123,2
DA:124,2
DA:125,2
DA:126,2
DA:127,2
LF:104
LH:104
BRDA:8,0,0,4
BRDA:10,1,0,1
BRDA:17,2,0,5
BRDA:18,3,0,5
BRDA:22,4,0,6
BRDA:29,5,0,3
BRDA:51,6,0,6
BRDA:52,7,0,6
BRDA:54,8,0,3
BRDA:54,9,0,4
BRDA:54,10,0,3
BRDA:57,11,0,2
BRDA:57,12,0,1
BRDA:64,13,0,6
BRDA:65,14,0,5
BRDA:70,15,0,1
BRDA:78,16,0,6
BRDA:81,17,0,3
BRDA:81,18,0,3
BRDA:85,19,0,3
BRDA:93,20,0,1
BRDA:101,21,0,2
BRDA:109,22,0,3
BRDA:115,23,0,2
BRF:24
BRH:24
end_of_record
TN:
SF:prisma/seed/data.ts
FN:82,randomQuestionLabel
FN:112,randomProjectAlias
FNF:2
FNH:2
FNDA:197,randomQuestionLabel
FNDA:142,randomProjectAlias
DA:1,1
DA:12,1
DA:13,1266
DA:14,1266
DA:16,1266
DA:17,1266
DA:18,1266
DA:19,1266
DA:20,1266
DA:21,1266
DA:22,1266
DA:24,1
DA:25,122
DA:26,122
DA:28,122
DA:29,122
DA:30,122
DA:31,122
DA:32,122
DA:33,122
DA:34,122
DA:36,1
DA:37,1
DA:38,1
DA:39,1
DA:40,1
DA:41,1
DA:42,1
DA:43,1
DA:44,1
DA:45,1
DA:46,1
DA:47,1
DA:48,1
DA:49,1
DA:50,1
DA:51,1
DA:52,1
DA:53,1
DA:54,1
DA:55,1
DA:56,1
DA:57,1
DA:58,1
DA:59,1
DA:60,1
DA:61,1
DA:63,1
DA:64,1
DA:65,1
DA:67,1
DA:68,1
DA:69,1
DA:70,1
DA:71,1
DA:72,1
DA:73,1
DA:74,1
DA:76,1
DA:77,54
DA:78,54
DA:79,54
DA:80,54
DA:82,197
DA:83,197
DA:84,197
DA:85,197
DA:86,197
DA:87,197
DA:88,197
DA:89,197
DA:90,197
DA:92,1
DA:93,1
DA:94,1
DA:95,1
DA:96,1
DA:97,1
DA:98,1
DA:100,1
DA:101,46
DA:102,46
DA:103,46
DA:104,46
DA:105,46
DA:106,46
DA:107,46
DA:108,46
DA:110,1
DA:112,142
DA:113,142
DA:114,857
DA:115,857
DA:116,857
DA:117,857
DA:118,857
DA:119,857
DA:120,857
DA:121,857
DA:122,857
DA:123,857
DA:124,857
DA:125,857
DA:126,821
DA:127,77
DA:128,77
DA:129,77
DA:131,780
DA:132,780
DA:133,780
DA:134,780
DA:135,780
DA:136,780
DA:138,1
DA:139,142
DA:140,142
DA:141,142
DA:142,142
DA:143,142
DA:144,142
DA:145,142
DA:146,142
DA:147,142
DA:148,142
DA:149,142
DA:150,142
DA:152,142
DA:153,142
DA:154,142
DA:155,142
DA:156,142
DA:157,142
DA:159,1
DA:160,142
DA:161,410
DA:162,410
DA:163,142
DA:164,1
LF:138
LH:138
BRDA:12,0,0,1266
BRDA:24,1,0,122
BRDA:76,2,0,54
BRDA:79,3,0,52
BRDA:79,4,0,2
BRDA:82,5,0,197
BRDA:84,6,0,4
BRDA:84,7,0,193
BRDA:88,8,0,193
BRDA:88,9,0,4
BRDA:100,10,0,46
BRDA:104,11,0,44
BRDA:104,12,0,2
BRDA:106,13,0,197
BRDA:112,14,0,142
BRDA:113,15,0,857
BRDA:115,16,0,108
BRDA:115,17,0,749
BRDA:116,18,0,785
BRDA:116,19,0,72
BRDA:124,20,0,108
BRDA:125,21,0,36
BRDA:125,22,0,821
BRDA:126,23,0,744
BRDA:126,24,0,77
BRDA:129,25,0,780
BRDA:119,26,0,2271
BRDA:120,27,0,857
BRDA:138,28,0,142
BRDA:142,29,0,54
BRDA:142,30,0,88
BRDA:159,31,0,142
BRDA:160,32,0,410
BRF:33
BRH:33
end_of_record
TN:
SF:prisma/seed/forum.ts
FN:9,seedForumPosts
FN:34,planForumReactionSeedData
FN:60,planForumStudentReportSeedData
FN:89,buildForumTitle
FN:97,buildForumBody
FN:103,buildForumReplyBody
FN:109,normalizeSentence
FN:114,validateForumSeedInput
FN:127,resetProjectDiscussionPosts
FN:133,buildRootPostRows
FN:149,createRootPosts
FN:160,buildReplyRows
FN:180,createReplyPosts
FN:191,buildAllCreatedPosts
FN:206,createForumReactions
FN:211,createForumStudentReports
FNF:16
FNH:16
FNDA:8,seedForumPosts
FNDA:9,planForumReactionSeedData
FNDA:8,planForumStudentReportSeedData
FNDA:15,buildForumTitle
FNDA:15,buildForumBody
FNDA:16,buildForumReplyBody
FNDA:28,normalizeSentence
FNDA:8,validateForumSeedInput
FNDA:5,resetProjectDiscussionPosts
FNDA:5,buildRootPostRows
FNDA:5,createRootPosts
FNDA:5,buildReplyRows
FNDA:5,createReplyPosts
FNDA:5,buildAllCreatedPosts
FNDA:5,createForumReactions
FNDA:5,createForumStudentReports
DA:1,1
DA:7,1
DA:9,8
DA:10,8
DA:11,8
DA:12,8
DA:14,5
DA:15,5
DA:16,5
DA:17,5
DA:18,5
DA:19,5
DA:21,5
DA:22,5
DA:23,5
DA:24,5
DA:26,5
DA:27,5
DA:28,5
DA:29,5
DA:30,5
DA:31,8
DA:32,8
DA:34,1
DA:35,9
DA:36,9
DA:37,9
DA:38,9
DA:39,9
DA:41,9
DA:42,11
DA:43,11
DA:44,28
DA:45,28
DA:46,28
DA:47,28
DA:48,28
DA:49,28
DA:51,24
DA:52,24
DA:53,24
DA:54,28
DA:55,28
DA:56,11
DA:57,9
DA:58,9
DA:60,1
DA:61,8
DA:62,8
DA:63,8
DA:64,8
DA:65,8
DA:66,8
DA:68,8
DA:69,9
DA:70,9
DA:71,16
DA:72,16
DA:73,16
DA:75,16
DA:76,16
DA:77,16
DA:78,16
DA:79,16
DA:80,16
DA:81,16
DA:82,16
DA:83,16
DA:84,16
DA:85,9
DA:86,8
DA:87,8
DA:89,15
DA:90,15
DA:91,5
DA:92,5
DA:94,10
DA:95,10
DA:97,15
DA:98,15
DA:99,15
DA:100,15
DA:101,15
DA:103,16
DA:104,16
DA:105,16
DA:106,16
DA:107,16
DA:109,28
DA:110,28
DA:111,28
DA:112,28
DA:114,8
DA:115,8
DA:116,1
DA:117,1
DA:118,8
DA:119,2
DA:120,2
DA:121,2
DA:122,2
DA:123,2
DA:124,5
DA:125,5
DA:127,5
DA:128,5
DA:129,5
DA:130,5
DA:131,5
DA:133,5
DA:134,5
DA:135,5
DA:136,15
DA:137,15
DA:138,15
DA:139,15
DA:140,15
DA:141,15
DA:142,15
DA:143,15
DA:144,15
DA:145,5
DA:146,5
DA:147,5
DA:149,5
DA:150,5
DA:151,5
DA:152,15
DA:153,15
DA:154,15
DA:155,15
DA:156,5
DA:157,5
DA:158,5
DA:160,5
DA:161,5
DA:162,5
DA:163,5
DA:164,5
DA:165,5
DA:166,5
DA:167,16
DA:168,16
DA:169,16
DA:170,16
DA:171,16
DA:172,16
DA:173,16
DA:174,16
DA:175,16
DA:176,16
DA:177,5
DA:178,5
DA:180,5
DA:181,5
DA:182,5
DA:183,16
DA:184,16
DA:185,16
DA:186,16
DA:187,5
DA:188,5
DA:189,5
DA:191,5
DA:192,5
DA:193,5
DA:194,5
DA:195,5
DA:196,5
DA:197,5
DA:198,16
DA:199,16
DA:200,16
DA:201,5
DA:202,5
DA:203,5
DA:204,5
DA:206,5
DA:207,5
DA:208,4
DA:209,4
DA:211,5
DA:212,5
DA:213,4
DA:214,4
LF:185
LH:185
BRDA:9,0,0,8
BRDA:10,1,0,8
BRDA:12,2,0,3
BRDA:12,3,0,5
BRDA:34,4,0,9
BRDA:39,5,0,45
BRDA:41,6,0,11
BRDA:42,7,0,55
BRDA:43,8,0,28
BRDA:46,9,0,11
BRDA:46,10,0,17
BRDA:47,11,0,11
BRDA:47,12,0,17
BRDA:49,13,0,4
BRDA:49,14,0,24
BRDA:54,15,0,6
BRDA:54,16,0,1
BRDA:54,17,0,23
BRDA:48,18,0,39
BRDA:56,19,0,28
BRDA:60,20,0,8
BRDA:65,21,0,38
BRDA:66,22,0,16
BRDA:68,23,0,9
BRDA:69,24,0,41
BRDA:69,25,0,38
BRDA:70,26,0,16
BRDA:73,27,0,3
BRDA:73,28,0,13
BRDA:75,29,0,6
BRDA:80,30,0,6
BRDA:80,31,0,7
BRDA:82,32,0,6
BRDA:82,33,0,7
BRDA:83,34,0,6
BRDA:83,35,0,7
BRDA:72,36,0,22
BRDA:85,37,0,16
BRDA:89,38,0,15
BRDA:90,39,0,5
BRDA:92,40,0,10
BRDA:97,41,0,15
BRDA:99,42,0,6
BRDA:99,43,0,9
BRDA:100,44,0,5
BRDA:100,45,0,10
BRDA:103,46,0,16
BRDA:105,47,0,6
BRDA:105,48,0,10
BRDA:106,49,0,10
BRDA:106,50,0,6
BRDA:109,51,0,28
BRDA:110,52,0,5
BRDA:110,53,0,23
BRDA:114,54,0,8
BRDA:115,55,0,1
BRDA:117,56,0,7
BRDA:118,57,0,6
BRDA:118,58,0,2
BRDA:123,59,0,5
BRDA:127,60,0,5
BRDA:129,61,0,5
BRDA:133,62,0,5
BRDA:134,63,0,5
BRDA:135,64,0,15
BRDA:141,65,0,5
BRDA:141,66,0,10
BRDA:149,67,0,5
BRDA:151,68,0,15
BRDA:160,69,0,5
BRDA:166,70,0,16
BRDA:173,71,0,10
BRDA:173,72,0,6
BRDA:174,73,0,15
BRDA:174,74,0,1
BRDA:180,75,0,5
BRDA:182,76,0,16
BRDA:191,77,0,5
BRDA:197,78,0,16
BRDA:200,79,0,15
BRDA:200,80,0,1
BRDA:206,81,0,5
BRDA:207,82,0,1
BRDA:207,83,0,4
BRDA:211,84,0,5
BRDA:212,85,0,1
BRDA:212,86,0,4
BRF:87
BRH:87
end_of_record
TN:
SF:prisma/seed/githubDemo.ts
FN:8,seedGithubDemoPath
FN:37,findGithubDemoUsers
FN:52,upsertGithubStaffAccount
FN:61,upsertGithubStudentAccount
FN:70,buildGithubAccountWrite
FN:89,getSeedGithubTokenEncryptionKey
FN:112,encryptSeedGithubToken
FN:121,upsertGithubDemoRepository
FN:131,buildRepositoryWrite
FN:146,buildRepositoryCreate
FN:153,upsertGithubRepositoryLink
FN:167,buildRepositoryLinkWrite
FN:178,clearSnapshotsForProjectRepoLink
FN:188,seedDemoSnapshots
FN:206,createGithubDemoSnapshot
FN:226,buildRepoStat
FN:242,buildUserStats
FN:254,buildStudentUserStat
FN:273,buildStaffUserStat
FN:292,buildGuestUserStat
FNF:20
FNH:20
FNDA:5,seedGithubDemoPath
FNDA:4,findGithubDemoUsers
FNDA:3,upsertGithubStaffAccount
FNDA:2,upsertGithubStudentAccount
FNDA:9,buildGithubAccountWrite
FNDA:12,getSeedGithubTokenEncryptionKey
FNDA:9,encryptSeedGithubToken
FNDA:2,upsertGithubDemoRepository
FNDA:4,buildRepositoryWrite
FNDA:2,buildRepositoryCreate
FNDA:2,upsertGithubRepositoryLink
FNDA:4,buildRepositoryLinkWrite
FNDA:2,clearSnapshotsForProjectRepoLink
FNDA:2,seedDemoSnapshots
FNDA:2,createGithubDemoSnapshot
FNDA:2,buildRepoStat
FNDA:2,buildUserStats
FNDA:2,buildStudentUserStat
FNDA:2,buildStaffUserStat
FNDA:2,buildGuestUserStat
DA:1,1
DA:8,5
DA:9,5
DA:10,5
DA:11,5
DA:13,4
DA:14,4
DA:16,3
DA:17,2
DA:18,2
DA:19,2
DA:21,2
DA:22,2
DA:24,2
DA:25,2
DA:26,2
DA:27,2
DA:28,2
DA:29,5
DA:30,5
DA:37,4
DA:38,4
DA:39,4
DA:40,4
DA:41,4
DA:42,4
DA:43,4
DA:44,4
DA:45,4
DA:46,4
DA:47,4
DA:48,4
DA:49,3
DA:50,3
DA:52,3
DA:53,3
DA:54,3
DA:55,3
DA:56,3
DA:57,3
DA:58,3
DA:59,3
DA:61,2
DA:62,2
DA:63,2
DA:64,2
DA:65,2
DA:66,2
DA:67,2
DA:68,2
DA:70,9
DA:71,9
DA:72,5
DA:73,5
DA:74,5
DA:75,5
DA:76,5
DA:77,5
DA:78,5
DA:79,5
DA:80,4
DA:81,4
DA:82,4
DA:83,4
DA:84,4
DA:85,4
DA:86,4
DA:87,4
DA:89,12
DA:90,12
DA:91,12
DA:92,1
DA:93,1
DA:95,11
DA:96,1
DA:97,1
DA:99,10
DA:100,11
DA:101,1
DA:102,1
DA:104,9
DA:105,11
DA:106,8
DA:107,8
DA:109,1
DA:110,1
DA:112,9
DA:113,9
DA:114,9
DA:115,9
DA:116,9
DA:117,9
DA:118,9
DA:119,9
DA:121,2
DA:122,2
DA:123,2
DA:124,2
DA:125,2
DA:126,2
DA:127,2
DA:128,2
DA:129,2
DA:131,4
DA:132,4
DA:133,4
DA:134,4
DA:135,4
DA:136,4
DA:137,4
DA:138,4
DA:139,4
DA:140,4
DA:141,4
DA:142,4
DA:143,4
DA:144,4
DA:146,2
DA:147,2
DA:148,2
DA:149,2
DA:150,2
DA:151,2
DA:153,2
DA:154,2
DA:155,2
DA:156,2
DA:157,2
DA:158,2
DA:159,2
DA:160,2
DA:161,2
DA:162,2
DA:163,2
DA:164,2
DA:165,2
DA:167,4
DA:168,4
DA:169,4
DA:170,4
DA:171,4
DA:172,4
DA:173,4
DA:174,4
DA:175,4
DA:176,4
DA:178,2
DA:179,2
DA:180,2
DA:181,2
DA:182,2
DA:183,2
DA:184,2
DA:185,2
DA:186,2
DA:188,2
DA:189,2
DA:190,2
DA:191,2
DA:192,2
DA:193,2
DA:194,2
DA:195,2
DA:196,2
DA:197,2
DA:198,2
DA:199,2
DA:200,2
DA:201,2
DA:202,2
DA:203,2
DA:204,2
DA:206,2
DA:207,2
DA:208,2
DA:209,2
DA:210,2
DA:211,2
DA:212,2
DA:213,2
DA:214,2
DA:215,2
DA:216,2
DA:217,2
DA:218,2
DA:219,2
DA:220,2
DA:221,2
DA:222,2
DA:223,2
DA:224,2
DA:226,2
DA:227,2
DA:228,2
DA:229,2
DA:230,2
DA:231,2
DA:232,2
DA:233,2
DA:234,2
DA:235,2
DA:236,2
DA:237,2
DA:238,2
DA:239,2
DA:240,2
DA:242,2
DA:243,2
DA:244,2
DA:245,2
DA:246,2
DA:247,2
DA:248,2
DA:250,1
DA:251,1
DA:252,1
DA:254,2
DA:255,2
DA:256,2
DA:257,2
DA:258,2
DA:259,2
DA:260,2
DA:261,2
DA:262,2
DA:263,2
DA:264,2
DA:265,2
DA:266,2
DA:267,2
DA:268,2
DA:269,2
DA:270,2
DA:271,2
DA:273,2
DA:274,2
DA:275,2
DA:276,2
DA:277,2
DA:278,2
DA:279,2
DA:280,2
DA:281,2
DA:282,2
DA:283,2
DA:284,2
DA:285,2
DA:286,2
DA:287,2
DA:288,2
DA:289,2
DA:290,2
DA:292,2
DA:293,2
DA:294,2
DA:295,2
DA:296,2
DA:297,2
DA:298,2
DA:299,2
DA:300,2
DA:301,2
DA:302,2
DA:303,2
DA:304,2
DA:305,2
DA:306,2
DA:307,2
LF:268
LH:268
BRDA:8,0,0,5
BRDA:9,1,0,5
BRDA:11,2,0,4
BRDA:11,3,0,1
BRDA:14,4,0,1
BRDA:14,5,0,3
BRDA:16,6,0,2
BRDA:37,7,0,4
BRDA:48,8,0,3
BRDA:48,9,0,1
BRDA:52,10,0,3
BRDA:61,11,0,2
BRDA:70,12,0,9
BRDA:71,13,0,5
BRDA:79,14,0,4
BRDA:89,15,0,12
BRDA:90,16,0,1
BRDA:91,17,0,1
BRDA:93,18,0,11
BRDA:95,19,0,1
BRDA:97,20,0,10
BRDA:100,21,0,9
BRDA:100,22,0,1
BRDA:105,23,0,8
BRDA:107,24,0,1
BRDA:112,25,0,9
BRDA:121,26,0,2
BRDA:131,27,0,4
BRDA:146,28,0,2
BRDA:153,29,0,2
BRDA:167,30,0,4
BRDA:178,31,0,2
BRDA:188,32,0,2
BRDA:206,33,0,2
BRDA:226,34,0,2
BRDA:242,35,0,2
BRDA:254,36,0,2
BRDA:273,37,0,2
BRDA:292,38,0,2
BRF:39
BRH:39
end_of_record
TN:
SF:prisma/seed/help.ts
FN:6,seedHelpContent
FNF:1
FNH:1
FNDA:6,seedHelpContent
DA:1,1
DA:6,6
DA:7,6
DA:8,6
DA:9,6
DA:10,5
DA:11,5
DA:13,4
DA:14,4
DA:15,4
DA:16,4
DA:17,4
DA:18,6
DA:19,6
LF:14
LH:14
BRDA:6,0,0,6
BRDA:7,1,0,6
BRDA:9,2,0,5
BRDA:11,3,0,4
BRF:4
BRH:4
end_of_record
TN:
SF:prisma/seed/joinCodes.ts
FN:7,planSeedModuleJoinCode
FNF:1
FNH:1
FNDA:33,planSeedModuleJoinCode
DA:1,1
DA:4,1
DA:5,1
DA:7,1
DA:8,33
DA:9,2
DA:10,2
DA:12,31
DA:13,31
DA:14,33
DA:15,248
DA:16,248
DA:17,31
DA:18,31
LF:14
LH:14
BRDA:7,0,0,33
BRDA:8,1,0,2
BRDA:10,2,0,31
BRDA:14,3,0,248
BRDA:16,4,0,31
BRF:5
BRH:5
end_of_record
TN:
SF:prisma/seed/logging.ts
FN:7,formatRows
FN:11,withSeedLogging
FNF:2
FNH:2
FNDA:158,formatRows
FNDA:166,withSeedLogging
DA:7,158
DA:8,158
DA:9,158
DA:11,166
DA:12,166
DA:13,166
DA:14,166
DA:15,166
DA:16,166
DA:17,166
DA:18,166
DA:19,166
DA:20,166
DA:21,8
DA:22,8
DA:23,8
DA:24,166
LF:17
LH:17
BRDA:7,0,0,158
BRDA:8,1,0,32
BRDA:8,2,0,126
BRDA:11,3,0,166
BRDA:16,4,0,159
BRDA:16,5,0,158
BRDA:17,6,0,157
BRDA:17,7,0,1
BRDA:20,8,0,8
BRF:9
BRH:9
end_of_record
TN:
SF:prisma/seed/meetings.ts
FN:35,daysAgo
FN:41,daysFromNow
FN:47,buildMinutesContent
FN:79,buildAttendanceRows
FN:90,buildSeedMeetingRecord
FN:94,buildSeedMeetingComments
FN:102,buildSeedCommentContent
FN:134,formatMentionNames
FN:147,minutesAfter
FN:151,normalizeSentence
FN:156,seedMeetings
FN:182,getCommentSpecs
FN:198,buildCommentPlan
FN:213,resolveMentionedUsers
FN:220,getMeetingSeedReadiness
FN:234,resolveTeamStudents
FN:242,createSeedMeetings
FN:253,createSeedMeeting
FN:269,seedMeetingAttendance
FN:275,buildAttendanceRowsForMeeting
FN:281,seedMeetingParticipants
FN:287,seedMeetingMinutes
FN:308,seedMeetingCommentsAndMentions
FNF:23
FNH:23
FNDA:8,daysAgo
FNDA:4,daysFromNow
FNDA:4,buildMinutesContent
FNDA:8,buildAttendanceRows
FNDA:12,buildSeedMeetingRecord
FNDA:2,buildSeedMeetingComments
FNDA:14,buildSeedCommentContent
FNDA:14,formatMentionNames
FNDA:14,minutesAfter
FNDA:14,normalizeSentence
FNDA:5,seedMeetings
FNDA:2,getCommentSpecs
FNDA:14,buildCommentPlan
FNDA:14,resolveMentionedUsers
FNDA:5,getMeetingSeedReadiness
FNDA:3,resolveTeamStudents
FNDA:2,createSeedMeetings
FNDA:12,createSeedMeeting
FNDA:2,seedMeetingAttendance
FNDA:8,buildAttendanceRowsForMeeting
FNDA:2,seedMeetingParticipants
FNDA:2,seedMeetingMinutes
FNDA:2,seedMeetingCommentsAndMentions
DA:1,1
DA:35,8
DA:36,8
DA:37,8
DA:38,8
DA:39,8
DA:41,4
DA:42,4
DA:43,4
DA:44,4
DA:45,4
DA:47,4
DA:48,4
DA:49,4
DA:50,4
DA:51,4
DA:52,4
DA:53,4
DA:54,4
DA:55,4
DA:56,4
DA:57,4
DA:58,4
DA:59,4
DA:60,4
DA:61,4
DA:62,4
DA:63,4
DA:64,4
DA:65,4
DA:66,4
DA:67,4
DA:68,4
DA:69,4
DA:70,4
DA:71,4
DA:72,4
DA:73,4
DA:74,4
DA:75,4
DA:76,4
DA:77,4
DA:79,8
DA:80,8
DA:81,8
DA:82,8
DA:83,8
DA:84,8
DA:85,8
DA:86,8
DA:87,8
DA:88,8
DA:90,12
DA:91,12
DA:92,12
DA:94,2
DA:98,2
DA:99,2
DA:100,2
DA:102,14
DA:103,14
DA:104,14
DA:105,14
DA:106,14
DA:107,14
DA:108,14
DA:109,14
DA:111,14
DA:112,2
DA:113,2
DA:115,14
DA:116,2
DA:117,2
DA:119,14
DA:120,2
DA:121,2
DA:123,14
DA:124,4
DA:125,4
DA:127,14
DA:128,2
DA:129,2
DA:131,2
DA:132,2
DA:134,14
DA:135,14
DA:136,14
DA:137,14
DA:139,1
DA:140,1
DA:141,1
DA:142,1
DA:143,1
DA:144,1
DA:145,1
DA:147,14
DA:148,14
DA:149,14
DA:151,14
DA:152,14
DA:153,14
DA:154,14
DA:156,5
DA:157,5
DA:158,5
DA:159,5
DA:161,3
DA:162,5
DA:164,2
DA:165,2
DA:167,2
DA:168,2
DA:169,2
DA:170,2
DA:171,2
DA:172,2
DA:174,2
DA:175,2
DA:176,2
DA:177,2
DA:178,2
DA:179,5
DA:180,5
DA:182,2
DA:186,2
DA:187,2
DA:188,2
DA:189,2
DA:190,2
DA:191,2
DA:192,2
DA:193,2
DA:194,2
DA:195,2
DA:196,2
DA:198,14
DA:199,14
DA:200,14
DA:201,14
DA:202,14
DA:203,14
DA:204,14
DA:205,14
DA:206,14
DA:207,14
DA:208,14
DA:209,14
DA:210,14
DA:211,14
DA:213,14
DA:214,14
DA:215,14
DA:216,14
DA:217,14
DA:218,14
DA:220,5
DA:221,5
DA:222,5
DA:224,4
DA:225,5
DA:227,3
DA:228,3
DA:229,3
DA:230,3
DA:231,3
DA:232,3
DA:234,3
DA:235,3
DA:236,3
DA:237,3
DA:238,9
DA:239,3
DA:240,3
DA:242,2
DA:243,2
DA:244,2
DA:245,2
DA:246,2
DA:247,2
DA:248,2
DA:249,2
DA:250,2
DA:251,2
DA:253,12
DA:254,12
DA:255,12
DA:256,12
DA:257,12
DA:258,12
DA:259,12
DA:260,12
DA:261,12
DA:262,12
DA:263,12
DA:264,12
DA:265,12
DA:266,12
DA:267,12
DA:269,2
DA:270,2
DA:271,2
DA:272,2
DA:273,2
DA:275,8
DA:276,8
DA:277,8
DA:278,8
DA:279,8
DA:281,2
DA:282,2
DA:283,2
DA:284,2
DA:285,2
DA:287,2
DA:288,2
DA:289,2
DA:290,2
DA:291,2
DA:292,2
DA:293,2
DA:294,2
DA:295,2
DA:296,2
DA:297,2
DA:298,2
DA:299,2
DA:300,2
DA:301,2
DA:302,2
DA:303,2
DA:304,2
DA:305,2
DA:306,2
DA:308,2
DA:309,2
DA:310,2
DA:311,14
DA:312,14
DA:313,14
DA:314,14
DA:315,14
DA:316,14
DA:317,14
DA:318,14
DA:319,14
DA:320,14
DA:321,2
DA:322,2
DA:323,2
LF:249
LH:249
BRDA:35,0,0,8
BRDA:41,1,0,4
BRDA:47,2,0,4
BRDA:79,3,0,8
BRDA:85,4,0,19
BRDA:86,5,0,9
BRDA:90,6,0,12
BRDA:94,7,0,2
BRDA:99,8,0,14
BRDA:102,9,0,14
BRDA:111,10,0,4
BRDA:111,11,0,2
BRDA:113,12,0,12
BRDA:115,13,0,2
BRDA:117,14,0,10
BRDA:119,15,0,6
BRDA:119,16,0,2
BRDA:121,17,0,8
BRDA:123,18,0,4
BRDA:127,19,0,2
BRDA:134,20,0,14
BRDA:135,21,0,5
BRDA:135,22,0,9
BRDA:136,23,0,7
BRDA:136,24,0,2
BRDA:137,25,0,1
BRDA:141,26,0,2
BRDA:147,27,0,14
BRDA:151,28,0,14
BRDA:152,29,0,7
BRDA:152,30,0,7
BRDA:156,31,0,5
BRDA:157,32,0,5
BRDA:159,33,0,2
BRDA:159,34,0,3
BRDA:162,35,0,1
BRDA:162,36,0,2
BRDA:182,37,0,2
BRDA:198,38,0,14
BRDA:209,39,0,12
BRDA:213,40,0,14
BRDA:215,41,0,14
BRDA:216,42,0,14
BRDA:217,43,0,13
BRDA:217,44,0,17
BRDA:220,45,0,5
BRDA:222,46,0,1
BRDA:222,47,0,4
BRDA:225,48,0,1
BRDA:225,49,0,3
BRDA:234,50,0,3
BRDA:235,51,0,9
BRDA:237,52,0,9
BRDA:238,53,0,8
BRDA:238,54,0,8
BRDA:242,55,0,2
BRDA:253,56,0,12
BRDA:269,57,0,2
BRDA:271,58,0,8
BRDA:275,59,0,8
BRDA:276,60,0,28
BRDA:276,61,0,19
BRDA:277,62,0,28
BRDA:277,63,0,9
BRDA:281,64,0,2
BRDA:282,65,0,12
BRDA:283,66,0,12
BRDA:283,67,0,48
BRDA:287,68,0,2
BRDA:308,69,0,2
BRDA:310,70,0,14
BRDA:319,71,0,12
BRF:72
BRH:72
end_of_record
TN:
SF:prisma/seed/moduleContent.ts
FN:36,buildSeedModuleContent
FN:45,buildBriefText
FN:54,buildTimelineText
FN:67,buildExpectationsText
FN:76,buildReadinessNotesText
FN:86,normalizeSentenceBlock
FNF:6
FNH:6
FNDA:30,buildSeedModuleContent
FNDA:30,buildBriefText
FNDA:30,buildTimelineText
FNDA:30,buildExpectationsText
FNDA:30,buildReadinessNotesText
FNDA:300,normalizeSentenceBlock
DA:1,1
DA:10,1
DA:11,1
DA:12,1
DA:13,1
DA:14,1
DA:15,1
DA:16,1
DA:18,1
DA:19,1
DA:20,1
DA:21,1
DA:22,1
DA:23,1
DA:24,1
DA:25,1
DA:26,1
DA:27,1
DA:28,1
DA:29,1
DA:30,1
DA:31,1
DA:32,1
DA:33,1
DA:34,1
DA:36,1
DA:37,30
DA:38,30
DA:39,30
DA:40,30
DA:41,30
DA:42,30
DA:43,30
DA:45,30
DA:46,30
DA:48,30
DA:49,30
DA:50,30
DA:51,30
DA:52,30
DA:54,30
DA:55,30
DA:56,30
DA:57,30
DA:59,30
DA:60,120
DA:61,120
DA:62,120
DA:63,120
DA:64,30
DA:65,30
DA:67,30
DA:68,30
DA:69,30
DA:70,90
DA:71,90
DA:72,30
DA:73,30
DA:74,30
DA:76,30
DA:77,30
DA:78,30
DA:80,30
DA:81,30
DA:82,30
DA:83,30
DA:84,30
DA:86,300
DA:87,300
DA:88,300
DA:89,300
LF:71
LH:71
BRDA:36,0,0,30
BRDA:45,1,0,30
BRDA:54,2,0,30
BRDA:59,3,0,120
BRDA:67,4,0,30
BRDA:69,5,0,90
BRDA:76,6,0,30
BRDA:86,7,0,300
BRDA:87,8,0,24
BRDA:87,9,0,276
BRF:10
BRH:10
end_of_record
TN:
SF:prisma/seed/notifications.ts
FN:6,seedNotifications
FN:37,createSeedNotifications
FN:54,mapLegacyNotificationType
FN:69,isLegacyNotificationTypeError
FN:74,getNotificationSeedTarget
FN:94,findTeamMeetings
FN:101,buildStudentNotifications
FN:129,buildPastMeetingNotifications
FN:146,buildUpcomingMeetingNotifications
FN:177,buildStaffNotifications
FNF:10
FNH:10
FNDA:7,seedNotifications
FNDA:4,createSeedNotifications
FNDA:9,mapLegacyNotificationType
FNDA:3,isLegacyNotificationTypeError
FNDA:7,getNotificationSeedTarget
FNDA:4,findTeamMeetings
FNDA:4,buildStudentNotifications
FNDA:4,buildPastMeetingNotifications
FNDA:4,buildUpcomingMeetingNotifications
FNDA:4,buildStaffNotifications
DA:1,1
DA:6,7
DA:7,7
DA:8,7
DA:9,7
DA:11,5
DA:12,7
DA:14,4
DA:15,4
DA:16,4
DA:17,7
DA:18,7
DA:19,7
DA:21,2
DA:22,2
DA:23,2
DA:24,7
DA:25,7
DA:26,7
DA:27,7
DA:37,4
DA:38,4
DA:39,4
DA:40,4
DA:41,3
DA:42,2
DA:43,2
DA:45,1
DA:46,9
DA:47,9
DA:48,1
DA:50,1
DA:51,1
DA:52,4
DA:54,9
DA:55,9
DA:56,9
DA:57,9
DA:58,9
DA:59,9
DA:60,9
DA:61,9
DA:62,9
DA:63,7
DA:64,9
DA:65,2
DA:66,9
DA:67,9
DA:69,3
DA:70,3
DA:71,3
DA:72,3
DA:74,7
DA:75,7
DA:76,7
DA:78,6
DA:79,7
DA:80,1
DA:81,1
DA:83,5
DA:85,5
DA:86,5
DA:87,5
DA:88,5
DA:89,5
DA:90,5
DA:91,5
DA:92,5
DA:94,4
DA:95,4
DA:96,4
DA:97,4
DA:98,4
DA:99,4
DA:101,4
DA:102,4
DA:103,4
DA:104,4
DA:105,4
DA:106,4
DA:107,4
DA:108,4
DA:109,4
DA:110,4
DA:111,4
DA:112,4
DA:113,4
DA:114,4
DA:115,4
DA:116,4
DA:117,4
DA:118,4
DA:119,4
DA:120,4
DA:121,4
DA:122,4
DA:123,4
DA:124,4
DA:125,4
DA:126,4
DA:127,4
DA:129,4
DA:130,4
DA:131,4
DA:132,4
DA:133,4
DA:134,4
DA:135,3
DA:136,3
DA:137,3
DA:138,3
DA:139,3
DA:140,3
DA:141,3
DA:142,3
DA:143,3
DA:144,3
DA:146,4
DA:147,4
DA:148,4
DA:149,4
DA:150,4
DA:151,4
DA:152,3
DA:153,3
DA:154,3
DA:155,3
DA:156,3
DA:157,3
DA:158,3
DA:159,3
DA:160,3
DA:161,3
DA:162,3
DA:163,3
DA:164,3
DA:165,3
DA:166,3
DA:167,3
DA:168,3
DA:169,3
DA:170,3
DA:171,3
DA:172,3
DA:173,3
DA:174,3
DA:175,3
DA:177,4
DA:178,4
DA:179,3
DA:180,3
DA:181,3
DA:182,3
DA:183,3
DA:184,3
DA:185,3
DA:186,3
DA:187,3
DA:188,3
DA:189,3
DA:190,3
DA:191,3
DA:192,3
DA:193,3
DA:194,3
DA:195,3
DA:196,3
DA:197,3
DA:198,3
DA:199,3
DA:200,3
DA:201,3
DA:202,3
LF:173
LH:173
BRDA:6,0,0,7
BRDA:7,1,0,7
BRDA:9,2,0,2
BRDA:9,3,0,5
BRDA:12,4,0,1
BRDA:12,5,0,4
BRDA:17,6,0,3
BRDA:19,7,0,2
BRDA:24,8,0,1
BRDA:24,9,0,1
BRDA:37,10,0,4
BRDA:40,11,0,3
BRDA:41,12,0,2
BRDA:43,13,0,1
BRDA:45,14,0,9
BRDA:54,15,0,9
BRDA:56,16,0,2
BRDA:57,17,0,2
BRDA:58,18,0,3
BRDA:59,19,0,4
BRDA:60,20,0,5
BRDA:61,21,0,6
BRDA:62,22,0,7
BRDA:64,23,0,2
BRDA:69,24,0,3
BRDA:70,25,0,1
BRDA:74,26,0,7
BRDA:76,27,0,1
BRDA:76,28,0,6
BRDA:79,29,0,1
BRDA:81,30,0,5
BRDA:94,31,0,4
BRDA:101,32,0,4
BRDA:107,33,0,6
BRDA:108,34,0,3
BRDA:129,35,0,4
BRDA:134,36,0,1
BRDA:134,37,0,3
BRDA:146,38,0,4
BRDA:151,39,0,1
BRDA:151,40,0,3
BRDA:177,41,0,4
BRDA:178,42,0,1
BRDA:178,43,0,3
BRF:44
BRH:44
end_of_record
TN:
SF:prisma/seed/outcomes.ts
FN:19,seedProjectDeadlines
FN:29,seedPeerAssessments
FN:49,seedFeatureFlags
FN:59,seedStaffStudentMarks
FNF:4
FNH:4
FNDA:4,seedProjectDeadlines
FNDA:10,seedPeerAssessments
FNDA:4,seedFeatureFlags
FNDA:14,seedStaffStudentMarks
DA:1,1
DA:19,4
DA:20,4
DA:21,4
DA:23,3
DA:24,3
DA:25,3
DA:26,4
DA:27,4
DA:29,10
DA:30,10
DA:31,10
DA:33,8
DA:34,8
DA:35,8
DA:36,10
DA:37,10
DA:38,10
DA:39,10
DA:41,8
DA:42,8
DA:43,8
DA:44,8
DA:45,8
DA:46,10
DA:47,10
DA:49,4
DA:50,4
DA:51,4
DA:52,4
DA:53,4
DA:54,4
DA:55,4
DA:56,4
DA:57,4
DA:59,14
DA:60,14
DA:61,14
DA:62,14
DA:64,12
DA:65,14
DA:67,11
DA:68,14
DA:70,10
DA:71,10
DA:72,10
DA:73,10
DA:75,10
DA:76,14
DA:77,14
LF:50
LH:50
BRDA:19,0,0,4
BRDA:20,1,0,4
BRDA:21,2,0,3
BRDA:21,3,0,1
BRDA:29,4,0,10
BRDA:30,5,0,10
BRDA:31,6,0,9
BRDA:31,7,0,2
BRDA:31,8,0,8
BRDA:35,9,0,10
BRDA:49,10,0,4
BRDA:50,11,0,4
BRDA:52,12,0,12
BRDA:54,13,0,12
BRDA:59,14,0,14
BRDA:60,15,0,14
BRDA:62,16,0,2
BRDA:62,17,0,12
BRDA:65,18,0,1
BRDA:65,19,0,11
BRDA:68,20,0,1
BRDA:68,21,0,10
BRDA:73,22,0,14
BRF:23
BRH:23
end_of_record
TN:
SF:prisma/seed/peer-assessment-scenarios.ts
FN:13,uniqueUserIds
FN:17,ensureScenarioProject
FN:37,ensureScenarioTeam
FN:73,ensureTeamAllocations
FN:96,upsertProjectDeadline
FN:125,resetScenarioDeadlineOverrides
FN:144,buildAssessmentAnswer
FN:151,buildAnswersJson
FN:157,getTemplateQuestionLabels
FN:170,seedAssessmentOpenScenario
FN:196,seedFeedbackPendingScenario
FN:224,seedPeerAssessmentProgressScenarios
FN:256,findScenarioProject
FN:263,buildScenarioProjectWrite
FN:267,prepareScenarioTeam
FN:285,buildScenarioDeadlines
FN:304,clearScenarioPeerData
FN:311,upsertScenarioAssessments
FN:329,upsertScenarioAssessment
FN:347,resolveScenarioSeedTarget
FNF:20
FNH:20
FNDA:7,uniqueUserIds
FNDA:10,ensureScenarioProject
FNDA:10,ensureScenarioTeam
FNDA:10,ensureTeamAllocations
FNDA:10,upsertProjectDeadline
FNDA:10,resetScenarioDeadlineOverrides
FNDA:28,buildAssessmentAnswer
FNDA:22,buildAnswersJson
FNDA:6,getTemplateQuestionLabels
FNDA:6,seedAssessmentOpenScenario
FNDA:4,seedFeedbackPendingScenario
FNDA:8,seedPeerAssessmentProgressScenarios
FNDA:10,findScenarioProject
FNDA:10,buildScenarioProjectWrite
FNDA:10,prepareScenarioTeam
FNDA:10,buildScenarioDeadlines
FNDA:4,clearScenarioPeerData
FNDA:4,upsertScenarioAssessments
FNDA:22,upsertScenarioAssessment
FNDA:8,resolveScenarioSeedTarget
DA:1,1
DA:5,1
DA:6,1
DA:8,1
DA:9,1
DA:10,1
DA:11,1
DA:13,7
DA:14,7
DA:15,7
DA:17,10
DA:18,10
DA:19,10
DA:20,10
DA:21,10
DA:22,10
DA:23,10
DA:24,10
DA:25,10
DA:26,10
DA:27,3
DA:28,3
DA:29,3
DA:30,3
DA:31,3
DA:32,3
DA:34,7
DA:35,7
DA:37,10
DA:38,10
DA:39,10
DA:40,10
DA:41,10
DA:42,10
DA:43,10
DA:44,10
DA:45,10
DA:46,10
DA:48,10
DA:49,1
DA:50,1
DA:51,1
DA:52,1
DA:53,1
DA:54,1
DA:55,1
DA:56,1
DA:57,1
DA:58,1
DA:59,1
DA:61,9
DA:62,9
DA:63,9
DA:64,9
DA:65,9
DA:66,9
DA:67,9
DA:68,9
DA:69,9
DA:70,9
DA:71,9
DA:73,10
DA:74,10
DA:75,10
DA:76,10
DA:77,10
DA:78,10
DA:79,10
DA:80,10
DA:81,10
DA:82,10
DA:83,10
DA:84,10
DA:86,10
DA:87,10
DA:88,10
DA:89,10
DA:90,10
DA:91,10
DA:93,10
DA:94,10
DA:96,10
DA:97,10
DA:98,10
DA:106,10
DA:107,10
DA:108,10
DA:109,10
DA:110,10
DA:111,10
DA:112,10
DA:113,10
DA:114,10
DA:115,10
DA:116,10
DA:117,10
DA:118,10
DA:119,10
DA:120,10
DA:121,10
DA:122,10
DA:123,10
DA:125,10
DA:126,10
DA:127,10
DA:128,10
DA:130,8
DA:131,8
DA:132,8
DA:133,8
DA:134,8
DA:136,6
DA:137,6
DA:138,6
DA:139,6
DA:140,6
DA:141,6
DA:142,6
DA:144,28
DA:145,28
DA:146,28
DA:147,28
DA:148,8
DA:149,8
DA:151,22
DA:152,22
DA:153,22
DA:154,22
DA:155,22
DA:157,6
DA:158,6
DA:159,6
DA:160,6
DA:161,6
DA:162,6
DA:163,6
DA:164,2
DA:165,2
DA:166,4
DA:167,1
DA:168,1
DA:170,6
DA:171,6
DA:172,6
DA:173,6
DA:174,6
DA:175,6
DA:176,6
DA:177,6
DA:178,6
DA:179,6
DA:180,6
DA:181,6
DA:182,6
DA:183,6
DA:184,6
DA:185,6
DA:186,6
DA:187,4
DA:188,4
DA:189,4
DA:190,4
DA:191,4
DA:192,4
DA:193,4
DA:194,4
DA:196,4
DA:197,4
DA:198,4
DA:199,4
DA:200,4
DA:201,4
DA:202,4
DA:203,4
DA:204,4
DA:205,4
DA:206,4
DA:207,4
DA:208,4
DA:209,4
DA:210,4
DA:211,4
DA:212,4
DA:213,4
DA:214,4
DA:216,4
DA:217,4
DA:218,4
DA:219,4
DA:220,4
DA:221,4
DA:222,4
DA:224,8
DA:225,8
DA:226,8
DA:227,8
DA:229,6
DA:230,6
DA:231,6
DA:232,6
DA:233,6
DA:234,6
DA:235,6
DA:236,6
DA:237,4
DA:238,4
DA:239,4
DA:240,4
DA:241,4
DA:242,4
DA:243,4
DA:245,4
DA:246,4
DA:247,4
DA:248,4
DA:249,4
DA:250,4
DA:251,4
DA:252,4
DA:253,8
DA:254,8
DA:256,10
DA:257,10
DA:258,10
DA:259,10
DA:260,10
DA:261,10
DA:263,10
DA:264,10
DA:265,10
DA:267,10
DA:276,10
DA:277,10
DA:278,10
DA:279,10
DA:280,10
DA:281,10
DA:282,8
DA:283,8
DA:285,10
DA:292,10
DA:293,10
DA:294,10
DA:295,10
DA:296,10
DA:297,10
DA:298,10
DA:299,10
DA:300,10
DA:301,10
DA:302,10
DA:304,4
DA:305,4
DA:306,4
DA:307,4
DA:308,4
DA:309,4
DA:311,4
DA:312,4
DA:313,4
DA:314,4
DA:315,4
DA:316,4
DA:317,4
DA:318,4
DA:319,4
DA:320,11
DA:321,33
DA:322,22
DA:323,22
DA:324,22
DA:325,11
DA:326,4
DA:327,4
DA:329,22
DA:330,22
DA:331,22
DA:332,22
DA:333,22
DA:334,22
DA:335,22
DA:336,22
DA:337,22
DA:338,22
DA:339,22
DA:340,22
DA:341,22
DA:342,22
DA:343,22
DA:344,22
DA:345,22
DA:347,8
DA:348,8
DA:349,8
DA:350,8
DA:351,1
DA:352,1
DA:354,7
DA:355,7
DA:356,7
DA:357,7
DA:358,7
DA:359,7
DA:360,7
DA:361,7
DA:362,7
DA:366,7
DA:367,8
DA:368,8
DA:369,1
DA:370,1
DA:372,6
DA:373,6
LF:313
LH:313
BRDA:13,0,0,7
BRDA:14,1,0,19
BRDA:17,2,0,10
BRDA:26,3,0,3
BRDA:32,4,0,7
BRDA:37,5,0,10
BRDA:48,6,0,1
BRDA:59,7,0,9
BRDA:73,8,0,10
BRDA:81,9,0,7
BRDA:83,10,0,28
BRDA:84,11,0,23
BRDA:96,12,0,10
BRDA:125,13,0,10
BRDA:128,14,0,8
BRDA:134,15,0,2
BRDA:134,16,0,6
BRDA:144,17,0,28
BRDA:146,18,0,8
BRDA:146,19,0,20
BRDA:147,20,0,12
BRDA:147,21,0,8
BRDA:151,22,0,22
BRDA:153,23,0,28
BRDA:157,24,0,6
BRDA:163,25,0,2
BRDA:165,26,0,4
BRDA:166,27,0,3
BRDA:166,28,0,1
BRDA:164,29,0,6
BRDA:170,30,0,6
BRDA:186,31,0,4
BRDA:196,32,0,4
BRDA:224,33,0,8
BRDA:225,34,0,8
BRDA:227,35,0,2
BRDA:227,36,0,6
BRDA:236,37,0,4
BRDA:256,38,0,10
BRDA:263,39,0,10
BRDA:267,40,0,10
BRDA:281,41,0,8
BRDA:285,42,0,10
BRDA:304,43,0,4
BRDA:311,44,0,4
BRDA:319,45,0,11
BRDA:320,46,0,33
BRDA:321,47,0,11
BRDA:321,48,0,22
BRDA:329,49,0,22
BRDA:347,50,0,8
BRDA:350,51,0,7
BRDA:350,52,0,1
BRDA:352,53,0,7
BRDA:367,54,0,2
BRDA:367,55,0,5
BRDA:368,56,0,1
BRDA:370,57,0,6
BRDA:366,58,0,17
BRF:59
BRH:59
end_of_record
TN:
SF:prisma/seed/plan.ts
FN:33,buildSeedContext
FN:55,buildCoreSeedPlan
FN:59,buildMembershipSeedPlan
FN:71,buildScenarioSeedPlan
FN:89,buildDevSeedPlan
FN:93,buildDemoSeedPlan
FN:97,buildE2ESeedPlan
FN:101,buildTrelloE2ESeedPlan
FN:105,buildSeedStepPlan
FN:119,buildMembershipStep
FN:123,buildScenarioStep
FN:127,buildModuleLeadsStep
FN:131,buildModuleTeachingAssistantsStep
FN:137,buildStudentEnrollmentsStep
FN:143,buildAdminTeamAllocationStep
FN:148,buildTeamAllocationsStep
FN:152,buildAssessmentStudentModuleCoverageStep
FN:158,buildStaffStudentMarksStep
FN:163,buildTeamInvitesStep
FN:167,buildGithubE2EUsersStep
FN:171,buildGithubDemoStep
FN:176,buildCompletedProjectStep
FN:181,buildProjectDeadlinesStep
FN:185,buildPeerAssessmentsStep
FN:189,buildFeatureFlagsStep
FN:193,buildPeerAssessmentProgressScenariosStep
FN:197,buildTeamHealthWarningScenarioStep
FN:201,buildForumPostsStep
FN:207,buildMeetingsStep
FN:211,buildNotificationsStep
FNF:30
FNH:30
FNDA:4,buildSeedContext
FNDA:16,buildCoreSeedPlan
FNDA:16,buildMembershipSeedPlan
FNDA:16,buildScenarioSeedPlan
FNDA:7,buildDevSeedPlan
FNDA:3,buildDemoSeedPlan
FNDA:3,buildE2ESeedPlan
FNDA:3,buildTrelloE2ESeedPlan
FNDA:12,buildSeedStepPlan
FNDA:86,buildMembershipStep
FNDA:195,buildScenarioStep
FNDA:16,buildModuleLeadsStep
FNDA:16,buildModuleTeachingAssistantsStep
FNDA:16,buildStudentEnrollmentsStep
FNDA:16,buildAdminTeamAllocationStep
FNDA:16,buildTeamAllocationsStep
FNDA:16,buildAssessmentStudentModuleCoverageStep
FNDA:16,buildStaffStudentMarksStep
FNDA:16,buildTeamInvitesStep
FNDA:16,buildGithubE2EUsersStep
FNDA:16,buildGithubDemoStep
FNDA:16,buildCompletedProjectStep
FNDA:16,buildProjectDeadlinesStep
FNDA:16,buildPeerAssessmentsStep
FNDA:16,buildFeatureFlagsStep
FNDA:16,buildPeerAssessmentProgressScenariosStep
FNDA:16,buildTeamHealthWarningScenarioStep
FNDA:16,buildForumPostsStep
FNDA:16,buildMeetingsStep
FNDA:16,buildNotificationsStep
DA:1,1
DA:33,4
DA:34,4
DA:35,4
DA:36,4
DA:37,4
DA:38,4
DA:39,4
DA:40,4
DA:41,4
DA:43,4
DA:44,4
DA:45,4
DA:46,4
DA:47,4
DA:48,4
DA:49,4
DA:50,4
DA:51,4
DA:52,4
DA:53,4
DA:55,16
DA:56,16
DA:57,16
DA:59,16
DA:60,16
DA:61,16
DA:62,16
DA:63,16
DA:64,16
DA:65,16
DA:66,16
DA:67,16
DA:68,16
DA:69,16
DA:71,16
DA:72,16
DA:73,16
DA:74,16
DA:75,16
DA:76,16
DA:77,16
DA:78,16
DA:79,16
DA:80,16
DA:81,16
DA:82,16
DA:83,16
DA:84,16
DA:85,16
DA:86,16
DA:87,16
DA:89,1
DA:90,7
DA:91,7
DA:93,1
DA:94,3
DA:95,3
DA:97,1
DA:98,3
DA:99,3
DA:101,1
DA:102,3
DA:103,3
DA:105,1
DA:106,12
DA:107,12
DA:108,2
DA:109,12
DA:110,2
DA:111,12
DA:112,2
DA:113,12
DA:114,12
DA:115,6
DA:116,12
DA:117,12
DA:119,86
DA:120,86
DA:121,86
DA:123,195
DA:124,195
DA:125,195
DA:127,16
DA:128,16
DA:129,16
DA:131,16
DA:132,16
DA:133,7
DA:134,16
DA:135,16
DA:137,16
DA:138,16
DA:139,7
DA:140,16
DA:141,16
DA:143,16
DA:144,16
DA:145,6
DA:146,6
DA:148,16
DA:149,16
DA:150,16
DA:152,16
DA:153,16
DA:154,7
DA:155,16
DA:156,16
DA:158,16
DA:159,16
DA:160,15
DA:161,15
DA:163,16
DA:164,16
DA:165,16
DA:167,16
DA:168,16
DA:169,16
DA:171,16
DA:172,16
DA:173,15
DA:174,15
DA:176,16
DA:177,16
DA:178,5
DA:179,5
DA:181,16
DA:182,16
DA:183,16
DA:185,16
DA:186,16
DA:187,16
DA:189,16
DA:190,16
DA:191,16
DA:193,16
DA:194,16
DA:195,16
DA:197,16
DA:198,16
DA:199,16
DA:201,16
DA:202,16
DA:203,4
DA:204,16
DA:205,16
DA:207,16
DA:208,16
DA:209,16
DA:211,16
DA:212,16
DA:213,16
LF:152
LH:152
BRDA:33,0,0,4
BRDA:55,1,0,16
BRDA:59,2,0,16
BRDA:71,3,0,16
BRDA:89,4,0,7
BRDA:93,5,0,3
BRDA:97,6,0,3
BRDA:101,7,0,3
BRDA:105,8,0,12
BRDA:107,9,0,2
BRDA:109,10,0,2
BRDA:111,11,0,2
BRDA:113,12,0,6
BRDA:114,13,0,6
BRDA:119,14,0,86
BRDA:123,15,0,195
BRDA:127,16,0,16
BRDA:128,17,0,7
BRDA:131,18,0,16
BRDA:132,19,0,7
BRDA:137,20,0,16
BRDA:138,21,0,7
BRDA:143,22,0,16
BRDA:144,23,0,14
BRDA:144,24,0,10
BRDA:144,25,0,6
BRDA:145,26,0,2
BRDA:148,27,0,16
BRDA:149,28,0,7
BRDA:152,29,0,16
BRDA:153,30,0,7
BRDA:158,31,0,16
BRDA:159,32,0,1
BRDA:159,33,0,15
BRDA:160,34,0,7
BRDA:163,35,0,16
BRDA:164,36,0,7
BRDA:167,37,0,16
BRDA:168,38,0,7
BRDA:171,39,0,16
BRDA:172,40,0,1
BRDA:172,41,0,15
BRDA:173,42,0,7
BRDA:176,43,0,16
BRDA:177,44,0,14
BRDA:177,45,0,11
BRDA:177,46,0,5
BRDA:178,47,0,2
BRDA:181,48,0,16
BRDA:182,49,0,6
BRDA:185,50,0,16
BRDA:186,51,0,6
BRDA:189,52,0,16
BRDA:190,53,0,6
BRDA:193,54,0,16
BRDA:194,55,0,6
BRDA:197,56,0,16
BRDA:198,57,0,4
BRDA:201,58,0,16
BRDA:202,59,0,4
BRDA:207,60,0,16
BRDA:208,61,0,4
BRDA:211,62,0,16
BRDA:212,63,0,4
BRF:64
BRH:64
end_of_record
TN:
SF:prisma/seed/prismaClient.ts
FNF:0
FNH:0
DA:1,1
DA:3,1
LF:2
LH:2
BRF:0
BRH:0
end_of_record
TN:
SF:prisma/seed/schema.ts
FN:20,toDelegateName
FN:24,getDmmfModels
FN:28,buildCleanupEntries
FN:49,sortCleanupEntries
FN:55,visit
FN:78,getSeedCleanupManifest
FN:82,assertSeedCleanupCoverage
FNF:7
FNH:7
FNDA:219,toDelegateName
FNDA:15,getDmmfModels
FNDA:15,buildCleanupEntries
FNDA:15,sortCleanupEntries
FNDA:509,visit
FNDA:15,getSeedCleanupManifest
FNDA:6,assertSeedCleanupCoverage
DA:1,1
DA:20,219
DA:21,219
DA:22,219
DA:24,15
DA:25,15
DA:26,15
DA:28,15
DA:29,15
DA:30,15
DA:32,15
DA:33,219
DA:34,219
DA:35,219
DA:36,219
DA:37,219
DA:38,219
DA:39,219
DA:40,219
DA:41,219
DA:42,219
DA:43,219
DA:44,15
DA:46,15
DA:47,15
DA:49,15
DA:50,15
DA:51,15
DA:52,15
DA:53,15
DA:55,15
DA:56,509
DA:57,222
DA:59,219
DA:60,219
DA:61,219
DA:62,219
DA:63,290
DA:64,290
DA:65,219
DA:66,219
DA:67,219
DA:68,219
DA:69,509
DA:71,15
DA:72,219
DA:73,219
DA:75,15
DA:76,15
DA:78,1
DA:79,15
DA:80,15
DA:82,1
DA:83,6
DA:84,6
DA:86,6
DA:87,6
DA:88,6
DA:89,12
DA:90,1
DA:91,1
DA:92,1
DA:93,6
DA:94,6
DA:95,6
DA:97,6
DA:98,1
DA:99,1
DA:100,6
LF:69
LH:69
BRDA:20,0,0,219
BRDA:24,1,0,15
BRDA:25,2,0,14
BRDA:25,3,0,1
BRDA:28,4,0,15
BRDA:30,5,0,219
BRDA:32,6,0,219
BRDA:35,7,0,213
BRDA:39,8,0,1915
BRDA:39,9,0,607
BRDA:39,10,0,606
BRDA:39,11,0,1
BRDA:40,12,0,323
BRDA:41,13,0,323
BRDA:49,14,0,15
BRDA:71,15,0,219
BRDA:50,16,0,219
BRDA:55,17,0,509
BRDA:56,18,0,287
BRDA:56,19,0,222
BRDA:57,20,0,3
BRDA:57,21,0,219
BRDA:62,22,0,290
BRDA:78,23,0,15
BRDA:82,24,0,6
BRDA:97,25,0,1
BRDA:84,26,0,84
BRDA:88,27,0,12
BRDA:89,28,0,1
BRDA:90,29,0,1
BRDA:91,30,0,1
BRDA:94,31,0,1
BRDA:95,32,0,1
BRF:33
BRH:33
end_of_record
TN:
SF:prisma/seed/seed.ts
FN:9,main
FN:40,runSeedSteps
FNF:2
FNH:2
FNDA:6,main
FNDA:5,runSeedSteps
DA:1,1
DA:2,1
DA:3,1
DA:4,1
DA:5,1
DA:6,1
DA:7,1
DA:9,6
DA:10,6
DA:12,6
DA:13,6
DA:14,5
DA:16,5
DA:17,5
DA:18,5
DA:19,2
DA:21,2
DA:22,2
DA:23,2
DA:24,2
DA:25,3
DA:26,1
DA:27,1
DA:28,2
DA:29,2
DA:30,2
DA:31,2
DA:32,6
DA:33,6
DA:34,6
DA:35,6
DA:36,6
DA:38,1
DA:40,5
DA:41,5
DA:42,35
DA:43,32
DA:44,2
DA:46,1
DA:47,1
DA:48,2
DA:49,2
DA:50,1
DA:51,4
DA:52,4
DA:53,4
DA:54,4
LF:47
LH:47
BRDA:9,0,0,6
BRDA:13,1,0,5
BRDA:18,2,0,3
BRDA:18,3,0,2
BRDA:25,4,0,1
BRDA:27,5,0,2
BRDA:40,6,0,5
BRDA:41,7,0,35
BRDA:42,8,0,32
BRDA:43,9,0,2
BRDA:47,10,0,2
BRDA:50,11,0,4
BRF:12
BRH:12
end_of_record
TN:
SF:prisma/seed/team-health-warning-scenario.ts
FN:46,uniquePositiveUserIds
FN:50,toDateFromNow
FN:54,resolveScenarioModuleId
FN:67,upsertScenarioProject
FN:102,upsertScenarioTeam
FN:138,ensureTeamAllocations
FN:152,clearTeamMeetings
FN:179,upsertScenarioDeadline
FN:212,resetScenarioDeadlineOverrides
FN:231,buildAssessmentAnswer
FN:238,buildAnswersJson
FN:244,getTemplateQuestionLabels
FN:254,seedPartialPeerAssessments
FN:302,deleteScenarioTeamHealthMessages
FN:306,buildOpenScenarioMessages
FN:355,buildResolvedScenarioMessage
FN:373,buildScenarioTeamHealthMessageRows
FN:377,insertScenarioTeamHealthMessages
FN:381,seedTeamHealthMessages
FN:387,findExistingScenarioProject
FN:398,findExistingScenarioTeam
FN:406,resolveExistingScenarioRequesterId
FN:415,deleteExistingScenarioSeededMessages
FN:421,buildExistingScenarioMessageRows
FN:456,insertExistingScenarioMessages
FN:460,seedExistingSeTeamHealthMessages
FN:479,resolveScenarioActors
FN:505,buildScenarioMemberIds
FN:514,validateScenarioPrerequisites
FN:521,preparePrimaryScenarioTeam
FN:531,clearPrimaryScenarioWarningsAndMeetings
FN:536,buildTeamHealthScenarioDetails
FN:586,seedTeamHealthWarningScenario
FNF:33
FNH:33
FNDA:5,uniquePositiveUserIds
FNDA:39,toDateFromNow
FNDA:6,resolveScenarioModuleId
FNDA:3,upsertScenarioProject
FNDA:3,upsertScenarioTeam
FNDA:2,ensureTeamAllocations
FNDA:3,clearTeamMeetings
FNDA:1,upsertScenarioDeadline
FNDA:3,resetScenarioDeadlineOverrides
FNDA:12,buildAssessmentAnswer
FNDA:6,buildAnswersJson
FNDA:4,getTemplateQuestionLabels
FNDA:2,seedPartialPeerAssessments
FNDA:2,deleteScenarioTeamHealthMessages
FNDA:4,buildOpenScenarioMessages
FNDA:4,buildResolvedScenarioMessage
FNDA:3,buildScenarioTeamHealthMessageRows
FNDA:2,insertScenarioTeamHealthMessages
FNDA:2,seedTeamHealthMessages
FNDA:5,findExistingScenarioProject
FNDA:4,findExistingScenarioTeam
FNDA:3,resolveExistingScenarioRequesterId
FNDA:3,deleteExistingScenarioSeededMessages
FNDA:3,buildExistingScenarioMessageRows
FNDA:3,insertExistingScenarioMessages
FNDA:5,seedExistingSeTeamHealthMessages
FNDA:8,resolveScenarioActors
FNDA:4,buildScenarioMemberIds
FNDA:8,validateScenarioPrerequisites
FNDA:1,preparePrimaryScenarioTeam
FNDA:1,clearPrimaryScenarioWarningsAndMeetings
FNDA:2,buildTeamHealthScenarioDetails
FNDA:3,seedTeamHealthWarningScenario
DA:1,1
DA:6,1
DA:7,1
DA:8,1
DA:9,1
DA:10,1
DA:11,1
DA:13,1
DA:14,1
DA:15,1
DA:16,1
DA:17,1
DA:18,1
DA:19,1
DA:20,1
DA:21,1
DA:22,1
DA:23,1
DA:24,1
DA:25,1
DA:26,1
DA:27,1
DA:28,1
DA:29,1
DA:30,1
DA:31,1
DA:32,1
DA:33,1
DA:34,1
DA:35,1
DA:36,1
DA:37,1
DA:38,1
DA:39,1
DA:40,1
DA:41,1
DA:42,1
DA:43,1
DA:44,1
DA:46,5
DA:47,5
DA:48,5
DA:50,39
DA:51,39
DA:52,39
DA:54,6
DA:55,6
DA:56,6
DA:57,6
DA:58,6
DA:59,6
DA:60,6
DA:61,6
DA:62,6
DA:63,6
DA:64,6
DA:65,6
DA:67,3
DA:68,3
DA:69,3
DA:70,3
DA:71,3
DA:72,3
DA:73,3
DA:74,3
DA:76,3
DA:77,3
DA:78,3
DA:79,3
DA:80,3
DA:82,3
DA:83,3
DA:85,3
DA:86,1
DA:87,1
DA:88,1
DA:89,1
DA:90,1
DA:91,1
DA:93,2
DA:94,2
DA:95,2
DA:96,2
DA:97,2
DA:98,2
DA:99,2
DA:100,2
DA:102,3
DA:103,3
DA:104,3
DA:105,3
DA:106,3
DA:107,3
DA:108,3
DA:109,3
DA:110,3
DA:111,3
DA:113,3
DA:114,1
DA:115,1
DA:116,1
DA:117,1
DA:118,1
DA:119,1
DA:120,1
DA:121,1
DA:122,1
DA:123,1
DA:124,1
DA:126,2
DA:127,2
DA:128,2
DA:129,2
DA:130,2
DA:131,2
DA:132,2
DA:133,2
DA:134,2
DA:135,2
DA:136,2
DA:138,2
DA:139,2
DA:140,2
DA:141,2
DA:142,2
DA:143,2
DA:144,2
DA:146,2
DA:147,2
DA:148,2
DA:149,2
DA:150,2
DA:152,3
DA:153,3
DA:154,3
DA:155,3
DA:156,3
DA:157,3
DA:159,2
DA:160,2
DA:161,2
DA:162,2
DA:163,2
DA:164,2
DA:165,2
DA:166,2
DA:167,2
DA:168,2
DA:169,2
DA:170,2
DA:171,2
DA:172,2
DA:173,2
DA:174,2
DA:175,2
DA:176,2
DA:177,2
DA:179,1
DA:180,1
DA:181,1
DA:182,1
DA:184,1
DA:185,1
DA:186,1
DA:187,1
DA:188,1
DA:189,1
DA:190,1
DA:191,1
DA:192,1
DA:193,1
DA:194,1
DA:195,1
DA:196,1
DA:197,1
DA:198,1
DA:199,1
DA:200,1
DA:201,1
DA:202,1
DA:203,1
DA:204,1
DA:205,1
DA:206,1
DA:207,1
DA:208,1
DA:209,1
DA:210,1
DA:212,3
DA:213,3
DA:214,3
DA:215,3
DA:217,3
DA:218,3
DA:219,3
DA:220,3
DA:221,3
DA:223,2
DA:224,2
DA:225,2
DA:226,2
DA:227,2
DA:228,2
DA:229,2
DA:231,12
DA:232,12
DA:233,12
DA:234,12
DA:235,6
DA:236,6
DA:238,6
DA:239,6
DA:240,6
DA:241,6
DA:242,6
DA:244,4
DA:245,4
DA:246,4
DA:247,4
DA:248,4
DA:249,4
DA:250,4
DA:251,1
DA:252,1
DA:254,2
DA:255,2
DA:256,2
DA:257,2
DA:258,2
DA:259,2
DA:260,2
DA:261,2
DA:263,2
DA:264,2
DA:266,2
DA:267,8
DA:268,8
DA:269,8
DA:271,6
DA:272,6
DA:273,6
DA:274,6
DA:275,6
DA:276,6
DA:277,6
DA:278,6
DA:279,6
DA:280,6
DA:281,6
DA:282,6
DA:283,6
DA:285,2
DA:286,2
DA:302,2
DA:303,2
DA:304,2
DA:306,4
DA:307,4
DA:308,4
DA:309,4
DA:310,4
DA:311,4
DA:312,4
DA:313,4
DA:314,4
DA:315,4
DA:316,4
DA:317,4
DA:318,4
DA:319,4
DA:320,4
DA:321,4
DA:322,4
DA:323,4
DA:324,4
DA:325,4
DA:326,4
DA:327,4
DA:328,4
DA:329,4
DA:330,4
DA:331,4
DA:332,4
DA:333,4
DA:334,4
DA:335,4
DA:336,4
DA:337,4
DA:338,4
DA:339,4
DA:340,4
DA:341,4
DA:342,4
DA:343,4
DA:344,4
DA:345,4
DA:346,4
DA:347,4
DA:348,4
DA:349,4
DA:350,4
DA:351,4
DA:352,4
DA:353,4
DA:355,4
DA:356,4
DA:357,4
DA:358,4
DA:359,4
DA:360,4
DA:361,4
DA:362,4
DA:363,4
DA:364,4
DA:365,4
DA:366,4
DA:367,4
DA:368,4
DA:369,4
DA:370,4
DA:371,4
DA:373,3
DA:374,3
DA:375,3
DA:377,2
DA:378,2
DA:379,2
DA:381,2
DA:382,2
DA:383,2
DA:384,2
DA:385,2
DA:387,5
DA:388,5
DA:389,5
DA:390,5
DA:391,5
DA:392,5
DA:393,5
DA:394,5
DA:395,5
DA:396,5
DA:398,4
DA:399,4
DA:400,4
DA:401,4
DA:402,4
DA:403,4
DA:404,4
DA:406,3
DA:407,3
DA:408,3
DA:409,3
DA:410,3
DA:411,3
DA:412,3
DA:413,3
DA:415,3
DA:416,3
DA:417,3
DA:418,3
DA:419,3
DA:421,3
DA:422,3
DA:423,3
DA:424,3
DA:425,3
DA:426,3
DA:427,3
DA:428,3
DA:429,3
DA:430,3
DA:431,3
DA:432,3
DA:433,3
DA:434,3
DA:435,3
DA:436,3
DA:437,3
DA:438,3
DA:439,3
DA:440,3
DA:441,3
DA:442,3
DA:443,3
DA:444,3
DA:445,3
DA:446,3
DA:447,3
DA:448,3
DA:449,3
DA:450,3
DA:451,3
DA:452,3
DA:453,3
DA:454,3
DA:456,3
DA:457,3
DA:458,3
DA:460,5
DA:461,5
DA:462,5
DA:463,5
DA:464,5
DA:465,5
DA:466,5
DA:468,4
DA:469,5
DA:471,3
DA:472,3
DA:473,3
DA:474,3
DA:476,3
DA:477,3
DA:479,8
DA:480,8
DA:481,8
DA:482,8
DA:483,8
DA:484,8
DA:485,8
DA:486,8
DA:487,8
DA:488,8
DA:490,8
DA:491,8
DA:492,8
DA:493,8
DA:494,8
DA:495,8
DA:496,8
DA:497,8
DA:498,8
DA:499,8
DA:500,8
DA:501,8
DA:502,8
DA:503,8
DA:505,4
DA:506,4
DA:507,4
DA:508,4
DA:509,4
DA:510,4
DA:511,4
DA:512,4
DA:514,8
DA:515,8
DA:516,8
DA:517,8
DA:518,2
DA:519,2
DA:521,1
DA:522,1
DA:523,1
DA:524,1
DA:525,1
DA:526,1
DA:527,1
DA:528,1
DA:529,1
DA:531,1
DA:532,1
DA:533,1
DA:534,1
DA:536,2
DA:537,2
DA:538,2
DA:539,2
DA:540,2
DA:541,2
DA:542,2
DA:543,2
DA:544,2
DA:545,2
DA:546,2
DA:547,2
DA:548,1
DA:549,1
DA:551,1
DA:552,1
DA:553,1
DA:554,1
DA:555,1
DA:556,1
DA:557,1
DA:558,1
DA:559,1
DA:560,1
DA:561,1
DA:562,1
DA:563,1
DA:564,1
DA:565,1
DA:566,1
DA:567,1
DA:568,1
DA:569,1
DA:570,1
DA:571,1
DA:572,1
DA:573,1
DA:574,1
DA:575,1
DA:576,1
DA:577,1
DA:578,1
DA:579,1
DA:580,1
DA:581,1
DA:582,1
DA:583,1
DA:584,1
DA:586,3
DA:587,3
DA:588,3
DA:589,3
DA:590,3
DA:591,3
DA:592,3
DA:593,3
DA:594,1
DA:596,1
DA:597,1
DA:598,1
DA:599,1
DA:601,1
DA:602,1
DA:603,1
DA:604,1
DA:605,1
DA:606,1
DA:607,1
DA:608,1
DA:609,1
DA:610,1
DA:611,1
DA:612,1
DA:613,1
DA:614,1
DA:615,1
DA:616,3
DA:617,3
LF:543
LH:543
BRDA:46,0,0,5
BRDA:47,1,0,28
BRDA:50,2,0,39
BRDA:54,3,0,6
BRDA:63,4,0,3
BRDA:64,5,0,1
BRDA:64,6,0,2
BRDA:67,7,0,3
BRDA:85,8,0,1
BRDA:91,9,0,2
BRDA:102,10,0,3
BRDA:113,11,0,1
BRDA:124,12,0,2
BRDA:138,13,0,2
BRDA:147,14,0,7
BRDA:152,15,0,3
BRDA:157,16,0,1
BRDA:157,17,0,2
BRDA:159,18,0,3
BRDA:164,19,0,2
BRDA:179,20,0,1
BRDA:212,21,0,3
BRDA:221,22,0,1
BRDA:221,23,0,2
BRDA:231,24,0,12
BRDA:233,25,0,2
BRDA:233,26,0,10
BRDA:234,27,0,4
BRDA:234,28,0,6
BRDA:238,29,0,6
BRDA:240,30,0,12
BRDA:244,31,0,4
BRDA:250,32,0,3
BRDA:250,33,0,1
BRDA:250,34,0,5
BRDA:254,35,0,2
BRDA:266,36,0,8
BRDA:269,37,0,7
BRDA:269,38,0,6
BRDA:269,39,0,2
BRDA:269,40,0,6
BRDA:302,41,0,2
BRDA:306,42,0,4
BRDA:355,43,0,4
BRDA:373,44,0,3
BRDA:377,45,0,2
BRDA:381,46,0,2
BRDA:387,47,0,5
BRDA:398,48,0,4
BRDA:406,49,0,3
BRDA:412,50,0,2
BRDA:412,51,0,1
BRDA:415,52,0,3
BRDA:421,53,0,3
BRDA:456,54,0,3
BRDA:460,55,0,5
BRDA:466,56,0,1
BRDA:466,57,0,4
BRDA:469,58,0,1
BRDA:469,59,0,3
BRDA:479,60,0,8
BRDA:496,61,0,4
BRDA:496,62,0,4
BRDA:496,63,0,1
BRDA:496,64,0,3
BRDA:497,65,0,4
BRDA:497,66,0,4
BRDA:500,67,0,3
BRDA:500,68,0,1
BRDA:500,69,0,2
BRDA:500,70,0,1
BRDA:500,71,0,1
BRDA:501,72,0,4
BRDA:501,73,0,4
BRDA:501,74,0,1
BRDA:501,75,0,3
BRDA:501,76,0,2
BRDA:505,77,0,4
BRDA:508,78,0,3
BRDA:508,79,0,1
BRDA:509,80,0,16
BRDA:514,81,0,8
BRDA:515,82,0,6
BRDA:515,83,0,3
BRDA:515,84,0,5
BRDA:516,85,0,2
BRDA:516,86,0,3
BRDA:517,87,0,1
BRDA:517,88,0,2
BRDA:521,89,0,1
BRDA:531,90,0,1
BRDA:536,91,0,2
BRDA:547,92,0,1
BRDA:586,93,0,3
BRDA:587,94,0,3
BRDA:589,95,0,2
BRDA:589,96,0,1
BRDA:591,97,0,2
BRDA:591,98,0,1
BRDA:593,99,0,2
BRDA:593,100,0,1
BRF:101
BRH:101
end_of_record
TN:
SF:prisma/seed/teamInvites.ts
FN:22,seedTeamInvites
FN:42,planTeamInviteSeedData
FN:67,resolveInvitePlanningLimit
FN:71,resolveInviterId
FN:75,resolveInviteFlags
FN:82,resolveInviteTiming
FN:90,buildPlannedInvite
FN:114,isTeamInviteSeedReady
FN:118,buildTeamInviteSeedSkipResult
FN:122,findTeamAllocations
FN:130,buildAllocationsByTeamId
FN:140,findInviteeUsers
FN:152,upsertPlannedTeamInvites
FN:169,buildTeamInviteUpdate
FNF:14
FNH:14
FNDA:6,seedTeamInvites
FNDA:7,planTeamInviteSeedData
FNDA:7,resolveInvitePlanningLimit
FNDA:18,resolveInviterId
FNDA:28,resolveInviteFlags
FNDA:14,resolveInviteTiming
FNDA:14,buildPlannedInvite
FNDA:6,isTeamInviteSeedReady
FNDA:2,buildTeamInviteSeedSkipResult
FNDA:5,findTeamAllocations
FNDA:5,buildAllocationsByTeamId
FNDA:5,findInviteeUsers
FNDA:4,upsertPlannedTeamInvites
FNDA:9,buildTeamInviteUpdate
DA:1,1
DA:20,1
DA:22,6
DA:23,6
DA:24,6
DA:26,5
DA:27,5
DA:28,5
DA:29,5
DA:30,6
DA:32,4
DA:34,4
DA:35,4
DA:36,4
DA:37,4
DA:38,4
DA:39,6
DA:40,6
DA:42,1
DA:43,7
DA:44,7
DA:45,7
DA:46,7
DA:47,7
DA:48,7
DA:49,7
DA:50,7
DA:52,7
DA:53,19
DA:54,19
DA:56,19
DA:57,19
DA:58,19
DA:60,14
DA:61,14
DA:62,14
DA:64,7
DA:65,7
DA:67,7
DA:68,7
DA:69,7
DA:71,18
DA:72,18
DA:73,18
DA:75,28
DA:76,28
DA:77,28
DA:78,28
DA:79,28
DA:80,28
DA:82,14
DA:83,14
DA:84,1
DA:85,13
DA:86,14
DA:87,14
DA:88,14
DA:90,14
DA:91,14
DA:92,14
DA:93,14
DA:94,14
DA:95,14
DA:96,14
DA:97,14
DA:98,14
DA:99,14
DA:100,14
DA:101,14
DA:102,14
DA:103,14
DA:104,14
DA:105,14
DA:106,14
DA:107,14
DA:108,14
DA:109,14
DA:110,14
DA:111,14
DA:112,14
DA:114,6
DA:115,6
DA:116,6
DA:118,2
DA:119,2
DA:120,2
DA:122,5
DA:123,5
DA:124,5
DA:125,5
DA:126,5
DA:127,5
DA:128,5
DA:130,5
DA:131,5
DA:132,5
DA:133,12
DA:134,12
DA:135,12
DA:136,12
DA:137,5
DA:138,5
DA:140,5
DA:141,5
DA:142,5
DA:143,5
DA:144,5
DA:145,5
DA:146,5
DA:147,5
DA:148,5
DA:149,5
DA:150,5
DA:152,4
DA:153,4
DA:154,4
DA:155,9
DA:156,9
DA:157,9
DA:158,9
DA:159,9
DA:160,9
DA:161,9
DA:162,9
DA:163,9
DA:164,9
DA:165,9
DA:166,4
DA:167,4
DA:169,9
DA:170,9
DA:171,9
DA:172,9
DA:173,9
DA:174,9
DA:175,9
DA:176,9
DA:177,9
DA:178,9
DA:179,9
DA:180,9
DA:181,9
LF:142
LH:142
BRDA:22,0,0,6
BRDA:23,1,0,6
BRDA:24,2,0,1
BRDA:24,3,0,5
BRDA:30,4,0,4
BRDA:30,5,0,1
BRDA:26,6,0,12
BRDA:42,7,0,7
BRDA:52,8,0,19
BRDA:54,9,0,1
BRDA:54,10,0,18
BRDA:56,11,0,3
BRDA:58,12,0,14
BRDA:58,13,0,4
BRDA:58,14,0,14
BRDA:67,15,0,7
BRDA:71,16,0,18
BRDA:75,17,0,28
BRDA:77,18,0,18
BRDA:82,19,0,14
BRDA:83,20,0,1
BRDA:84,21,0,13
BRDA:86,22,0,7
BRDA:86,23,0,7
BRDA:90,24,0,14
BRDA:114,25,0,6
BRDA:115,26,0,5
BRDA:118,27,0,2
BRDA:122,28,0,5
BRDA:130,29,0,5
BRDA:132,30,0,12
BRDA:133,31,0,9
BRDA:140,32,0,5
BRDA:141,33,0,12
BRDA:143,34,0,16
BRDA:144,35,0,16
BRDA:152,36,0,4
BRDA:154,37,0,9
BRDA:164,38,0,1
BRDA:164,39,0,8
BRDA:169,40,0,9
BRF:41
BRH:41
end_of_record
TN:
SF:prisma/seed/unseed.ts
FN:7,main
FN:39,getCleanupStrategy
FN:43,truncate
FN:51,truncate
FN:55,isMissingTableError
FNF:5
FNH:5
FNDA:5,main
FNDA:5,getCleanupStrategy
FNDA:14,truncate
FNDA:19,truncate
FNDA:3,isMissingTableError
DA:1,1
DA:2,1
DA:3,1
DA:5,1
DA:7,5
DA:8,5
DA:9,5
DA:10,5
DA:11,5
DA:12,3
DA:13,3
DA:15,5
DA:16,5
DA:17,33
DA:18,33
DA:19,33
DA:21,3
DA:22,1
DA:23,1
DA:24,33
DA:25,5
DA:26,5
DA:27,3
DA:28,3
DA:29,5
DA:30,5
DA:39,5
DA:40,5
DA:41,2
DA:42,2
DA:43,2
DA:44,2
DA:45,2
DA:47,3
DA:48,3
DA:49,3
DA:50,3
DA:51,3
DA:52,3
DA:53,3
DA:55,3
DA:56,3
DA:57,3
DA:58,3
DA:60,1
DA:61,1
DA:62,4
DA:63,4
DA:64,1
DA:65,1
DA:66,1
DA:67,1
DA:68,1
LF:53
LH:53
BRDA:7,0,0,5
BRDA:11,1,0,3
BRDA:16,2,0,33
BRDA:18,3,0,30
BRDA:19,4,0,3
BRDA:21,5,0,2
BRDA:21,6,0,1
BRDA:24,7,0,4
BRDA:26,8,0,3
BRDA:39,9,0,5
BRDA:40,10,0,3
BRDA:40,11,0,2
BRDA:45,12,0,3
BRDA:43,13,0,14
BRDA:51,14,0,19
BRDA:55,15,0,3
BRDA:56,16,0,1
BRDA:56,17,0,2
BRDA:57,18,0,2
BRDA:57,19,0,1
BRDA:61,20,0,4
BRDA:64,21,0,1
BRF:22
BRH:22
end_of_record
TN:
SF:prisma/seed/volumes.ts
FNF:0
FNH:0
DA:1,1
DA:2,1
DA:3,1
DA:4,1
DA:5,1
DA:6,1
DA:7,1
DA:8,1
DA:9,1
DA:10,1
DA:11,1
DA:12,1
DA:13,1
DA:14,1
DA:15,1
DA:16,1
DA:17,1
DA:18,1
LF:18
LH:18
BRF:0
BRH:0
end_of_record
TN:
SF:prisma/seed/allocation/adminAllocation.ts
FN:4,seedAdminTeamAllocation
FN:34,findFirstEnterpriseTeam
FNF:2
FNH:2
FNDA:5,seedAdminTeamAllocation
FNDA:4,findFirstEnterpriseTeam
DA:1,1
DA:4,5
DA:5,5
DA:6,5
DA:7,5
DA:8,5
DA:9,5
DA:10,5
DA:12,4
DA:13,5
DA:14,5
DA:15,2
DA:17,2
DA:18,2
DA:19,2
DA:20,2
DA:21,2
DA:22,2
DA:23,2
DA:24,2
DA:25,2
DA:26,2
DA:27,2
DA:28,5
DA:29,5
DA:30,5
DA:31,5
DA:32,5
DA:34,4
DA:35,4
DA:36,4
DA:37,4
DA:38,4
DA:39,4
DA:40,4
DA:41,3
DA:42,3
DA:43,3
DA:44,3
DA:45,4
DA:46,2
DA:47,2
LF:42
LH:42
BRDA:4,0,0,5
BRDA:5,1,0,5
BRDA:10,2,0,1
BRDA:10,3,0,4
BRDA:13,4,0,1
BRDA:13,5,0,3
BRDA:14,6,0,1
BRDA:14,7,0,2
BRDA:28,8,0,1
BRDA:28,9,0,1
BRDA:29,10,0,1
BRDA:29,11,0,1
BRDA:34,12,0,4
BRDA:40,13,0,1
BRDA:40,14,0,3
BRDA:45,15,0,1
BRDA:45,16,0,2
BRF:17
BRH:17
end_of_record
TN:
SF:prisma/seed/allocation/assessmentCoverage.ts
FN:6,seedAssessmentStudentModuleCoverage
FN:28,findAssessmentStudent
FN:35,resolveCoverageTeamTargets
FN:47,createCoverageAllocations
FNF:4
FNH:4
FNDA:8,seedAssessmentStudentModuleCoverage
FNDA:7,findAssessmentStudent
FNDA:6,resolveCoverageTeamTargets
FNDA:5,createCoverageAllocations
DA:1,1
DA:6,8
DA:7,8
DA:8,8
DA:9,8
DA:10,8
DA:11,8
DA:12,8
DA:13,8
DA:14,1
DA:15,1
DA:16,7
DA:17,8
DA:18,1
DA:19,1
DA:20,6
DA:21,8
DA:22,1
DA:23,1
DA:24,5
DA:25,8
DA:26,8
DA:28,7
DA:29,7
DA:30,7
DA:31,7
DA:32,7
DA:33,7
DA:35,6
DA:36,6
DA:37,6
DA:38,17
DA:39,17
DA:40,6
DA:41,6
DA:42,6
DA:43,6
DA:44,6
DA:45,6
DA:47,5
DA:48,5
DA:49,5
DA:50,5
DA:51,5
DA:52,5
DA:53,5
DA:54,5
DA:55,4
DA:56,4
DA:57,1
DA:58,1
DA:59,1
LF:52
LH:52
BRDA:6,0,0,8
BRDA:12,1,0,8
BRDA:13,2,0,7
BRDA:13,3,0,7
BRDA:13,4,0,1
BRDA:15,5,0,7
BRDA:17,6,0,1
BRDA:19,7,0,6
BRDA:21,8,0,1
BRDA:23,9,0,5
BRDA:28,10,0,7
BRDA:35,11,0,6
BRDA:37,12,0,17
BRDA:38,13,0,11
BRDA:37,14,0,14
BRDA:41,15,0,11
BRDA:42,16,0,11
BRDA:43,17,0,10
BRDA:43,18,0,7
BRDA:43,19,0,3
BRDA:43,20,0,15
BRDA:44,21,0,10
BRDA:47,22,0,5
BRDA:54,23,0,4
BRDA:56,24,0,1
BRDA:52,25,0,12
BRDA:53,26,0,7
BRDA:53,27,0,1
BRF:28
BRH:28
end_of_record
TN:
SF:prisma/seed/allocation/githubE2EUsers.ts
FN:12,seedGithubE2EUsers
FN:34,hashGithubSeedPasswords
FN:42,findExistingGithubUsers
FN:56,upsertGithubUsers
FN:86,upsertGithubStudentAllocation
FN:99,ensureGithubUsersModuleLinks
FNF:6
FNH:6
FNDA:7,seedGithubE2EUsers
FNDA:5,hashGithubSeedPasswords
FNDA:5,findExistingGithubUsers
FNDA:5,upsertGithubUsers
FNDA:5,upsertGithubStudentAllocation
FNDA:5,ensureGithubUsersModuleLinks
DA:1,1
DA:12,7
DA:13,7
DA:14,7
DA:15,7
DA:16,6
DA:17,7
DA:19,5
DA:20,5
DA:21,5
DA:22,5
DA:23,5
DA:24,5
DA:26,5
DA:27,5
DA:28,5
DA:29,5
DA:30,5
DA:31,7
DA:32,7
DA:34,5
DA:35,5
DA:36,5
DA:37,5
DA:38,5
DA:39,5
DA:40,5
DA:42,5
DA:43,5
DA:44,5
DA:45,5
DA:46,5
DA:47,5
DA:48,5
DA:49,5
DA:50,5
DA:51,5
DA:52,5
DA:53,5
DA:54,5
DA:56,5
DA:57,5
DA:58,5
DA:59,5
DA:60,5
DA:61,5
DA:62,5
DA:63,5
DA:64,5
DA:65,5
DA:66,5
DA:67,5
DA:68,5
DA:69,5
DA:70,5
DA:71,5
DA:72,5
DA:73,5
DA:74,5
DA:75,5
DA:76,5
DA:77,5
DA:78,5
DA:79,5
DA:80,5
DA:81,5
DA:82,5
DA:83,5
DA:84,5
DA:86,5
DA:87,5
DA:88,5
DA:89,5
DA:90,5
DA:91,5
DA:92,5
DA:93,5
DA:94,5
DA:95,5
DA:96,5
DA:97,5
DA:99,5
DA:100,5
DA:101,5
DA:102,5
DA:103,5
DA:104,5
DA:106,4
DA:107,4
DA:108,4
DA:109,4
DA:110,4
DA:111,4
DA:112,4
DA:113,4
DA:114,4
DA:115,4
DA:116,4
DA:117,4
DA:118,4
LF:100
LH:100
BRDA:12,0,0,7
BRDA:13,1,0,7
BRDA:15,2,0,1
BRDA:15,3,0,6
BRDA:17,4,0,1
BRDA:17,5,0,5
BRDA:16,6,0,5
BRDA:34,7,0,5
BRDA:42,8,0,5
BRDA:56,9,0,5
BRDA:86,10,0,5
BRDA:99,11,0,5
BRDA:104,12,0,4
BRDA:104,13,0,1
BRF:14
BRH:14
end_of_record
TN:
SF:prisma/seed/allocation/planners.ts
FN:4,buildUsersByRole
FN:13,planModuleLeadSeedData
FN:24,planStudentEnrollmentSeedData
FN:34,planTeamAllocationSeedData
FN:46,planModuleTeachingAssistantSeedData
FNF:5
FNH:5
FNDA:25,buildUsersByRole
FNDA:10,planModuleLeadSeedData
FNDA:5,planStudentEnrollmentSeedData
FNDA:6,planTeamAllocationSeedData
FNDA:8,planModuleTeachingAssistantSeedData
DA:1,1
DA:4,1
DA:5,25
DA:6,25
DA:7,25
DA:8,25
DA:9,25
DA:10,25
DA:11,25
DA:13,1
DA:14,10
DA:15,10
DA:16,18
DA:17,18
DA:18,18
DA:19,17
DA:20,17
DA:21,10
DA:22,10
DA:24,1
DA:25,5
DA:26,12
DA:27,23
DA:28,23
DA:29,23
DA:30,12
DA:31,5
DA:32,5
DA:34,1
DA:35,6
DA:36,6
DA:37,6
DA:38,15
DA:39,15
DA:40,15
DA:41,14
DA:42,14
DA:43,6
DA:44,6
DA:46,1
DA:47,8
DA:48,8
DA:49,8
DA:50,8
DA:51,8
DA:52,8
DA:53,8
DA:54,12
DA:55,12
DA:56,11
DA:57,11
DA:58,12
DA:59,12
DA:60,11
DA:61,11
DA:62,10
DA:63,10
DA:64,11
DA:65,12
DA:66,12
LF:60
LH:60
BRDA:4,0,0,25
BRDA:7,1,0,55
BRDA:7,2,0,41
BRDA:7,3,0,40
BRDA:9,4,0,55
BRDA:13,5,0,10
BRDA:15,6,0,18
BRDA:18,7,0,17
BRDA:18,8,0,1
BRDA:18,9,0,17
BRDA:24,10,0,5
BRDA:25,11,0,12
BRDA:26,12,0,23
BRDA:34,13,0,6
BRDA:37,14,0,15
BRDA:40,15,0,14
BRDA:40,16,0,1
BRDA:40,17,0,14
BRDA:36,18,0,4
BRDA:46,19,0,8
BRDA:53,20,0,12
BRDA:55,21,0,1
BRDA:55,22,0,11
BRDA:58,23,0,9
BRDA:58,24,0,2
BRDA:59,25,0,11
BRDA:61,26,0,1
BRDA:61,27,0,10
BRDA:51,28,0,10
BRDA:57,29,0,21
BRF:30
BRH:30
end_of_record
TN:
SF:prisma/seed/completed-project/helpers.ts
FN:13,buildReviewPairKey
FN:17,buildFeedbackText
FN:21,buildAgreementPayload
FN:39,buildScenarioAnswer
FN:48,buildSliderAnswer
FN:59,buildMultipleChoiceAnswer
FN:66,asRecord
FN:71,getNumberConfig
FN:78,getOptionsConfig
FN:84,getTextSeedAnswer
FNF:10
FNH:10
FNDA:19,buildReviewPairKey
FNDA:15,buildFeedbackText
FNDA:16,buildAgreementPayload
FNDA:90,buildScenarioAnswer
FNDA:24,buildSliderAnswer
FNDA:36,buildMultipleChoiceAnswer
FNDA:108,asRecord
FNDA:72,getNumberConfig
FNDA:36,getOptionsConfig
FNDA:30,getTextSeedAnswer
DA:1,1
DA:2,1
DA:3,1
DA:13,1
DA:14,19
DA:15,19
DA:17,1
DA:18,15
DA:19,15
DA:21,1
DA:24,16
DA:25,16
DA:26,15
DA:27,1
DA:28,16
DA:29,16
DA:30,93
DA:31,93
DA:32,93
DA:33,93
DA:34,93
DA:35,16
DA:36,16
DA:37,16
DA:39,1
DA:40,90
DA:41,90
DA:42,90
DA:43,36
DA:44,36
DA:45,30
DA:46,30
DA:48,24
DA:49,24
DA:50,24
DA:51,24
DA:52,24
DA:53,24
DA:54,24
DA:55,24
DA:56,24
DA:57,24
DA:59,36
DA:60,36
DA:61,36
DA:62,24
DA:63,24
DA:64,24
DA:66,108
DA:67,108
DA:68,72
DA:69,72
DA:71,72
DA:72,72
DA:73,72
DA:74,36
DA:75,72
DA:76,72
DA:78,36
DA:79,36
DA:80,36
DA:81,24
DA:82,24
DA:84,30
DA:85,30
DA:86,30
DA:87,2
DA:88,1
DA:89,1
DA:90,2
DA:91,30
DA:92,12
DA:93,8
DA:94,4
DA:95,12
DA:96,30
DA:97,2
DA:98,1
DA:99,1
DA:100,2
DA:101,14
DA:102,14
LF:82
LH:82
BRDA:13,0,0,19
BRDA:17,1,0,15
BRDA:21,2,0,16
BRDA:25,3,0,15
BRDA:25,4,0,15
BRDA:26,5,0,1
BRDA:29,6,0,93
BRDA:39,7,0,90
BRDA:41,8,0,66
BRDA:41,9,0,24
BRDA:41,10,0,66
BRDA:42,11,0,54
BRDA:42,12,0,36
BRDA:44,13,0,30
BRDA:48,14,0,24
BRDA:59,15,0,36
BRDA:61,16,0,12
BRDA:61,17,0,24
BRDA:66,18,0,108
BRDA:67,19,0,36
BRDA:67,20,0,72
BRDA:71,21,0,72
BRDA:73,22,0,36
BRDA:75,23,0,12
BRDA:75,24,0,12
BRDA:75,25,0,24
BRDA:78,26,0,36
BRDA:80,27,0,12
BRDA:80,28,0,24
BRDA:81,29,0,24
BRDA:84,30,0,30
BRDA:86,31,0,2
BRDA:87,32,0,1
BRDA:88,33,0,1
BRDA:90,34,0,28
BRDA:91,35,0,12
BRDA:92,36,0,8
BRDA:93,37,0,4
BRDA:95,38,0,16
BRDA:96,39,0,2
BRDA:97,40,0,1
BRDA:98,41,0,1
BRDA:100,42,0,14
BRF:43
BRH:43
end_of_record
TN:
SF:prisma/seed/completed-project/meetings.ts
FN:4,ensureScenarioMeetings
FN:19,upsertScenarioMeeting
FN:41,ensureMeetingMinutes
FN:54,ensureMeetingAttendance
FNF:4
FNH:4
FNDA:4,ensureScenarioMeetings
FNDA:16,upsertScenarioMeeting
FNDA:15,ensureMeetingMinutes
FNDA:15,ensureMeetingAttendance
DA:1,1
DA:4,4
DA:5,4
DA:6,4
DA:8,4
DA:9,16
DA:10,16
DA:11,15
DA:12,15
DA:13,15
DA:14,15
DA:16,4
DA:17,4
DA:19,16
DA:20,16
DA:21,16
DA:22,16
DA:23,9
DA:24,9
DA:25,9
DA:26,7
DA:27,7
DA:28,7
DA:29,7
DA:30,7
DA:31,7
DA:32,7
DA:33,7
DA:34,7
DA:35,7
DA:36,7
DA:37,7
DA:38,7
DA:39,7
DA:41,15
DA:42,15
DA:43,15
DA:44,7
DA:45,7
DA:46,7
DA:47,7
DA:48,7
DA:49,7
DA:50,7
DA:51,7
DA:52,7
DA:54,15
DA:55,15
DA:56,15
DA:57,44
DA:58,44
DA:59,38
DA:60,38
DA:61,38
DA:62,38
DA:63,38
DA:64,44
DA:65,44
DA:66,14
DA:67,14
DA:68,15
DA:69,15
LF:62
LH:62
BRDA:4,0,0,4
BRDA:8,1,0,16
BRDA:10,2,0,1
BRDA:10,3,0,15
BRDA:5,4,0,16
BRDA:19,5,0,16
BRDA:22,6,0,9
BRDA:24,7,0,8
BRDA:24,8,0,1
BRDA:25,9,0,7
BRDA:41,10,0,15
BRDA:43,11,0,8
BRDA:43,12,0,7
BRDA:54,13,0,15
BRDA:56,14,0,44
BRDA:58,15,0,6
BRDA:58,16,0,38
BRDA:63,17,0,24
BRDA:63,18,0,14
BRDA:64,19,0,7
BRDA:64,20,0,3
BRDA:64,21,0,11
BRDA:65,22,0,14
BRF:23
BRH:23
end_of_record
TN:
SF:prisma/seed/completed-project/scenario.ts
FN:18,runCompletedProjectScenario
FN:35,resolveScenarioSetupInput
FN:44,resolveScenarioSetup
FN:63,resolveScenarioMembers
FN:71,upsertScenarioProject
FN:89,upsertScenarioTeam
FN:105,ensureScenarioAllocations
FN:116,ensureScenarioDeadline
FN:134,resolveScenarioQuestions
FN:144,seedScenarioAssessments
FN:151,createScenarioAssessments
FN:184,ensureSingleScenarioAssessment
FN:209,ensureSingleScenarioFeedback
FN:233,buildScenarioFeedbackPayload
FN:240,buildScenarioFeedbackWriteData
FN:267,canUpdatePeerFeedbackDelegate
FN:271,updateExistingScenarioFeedback
FN:285,createScenarioFeedback
FN:301,seedScenarioMarkings
FN:307,ensureTeamMarking
FN:321,ensureStudentMarkings
FNF:21
FNH:21
FNDA:6,runCompletedProjectScenario
FNDA:6,resolveScenarioSetupInput
FNDA:4,resolveScenarioSetup
FNDA:5,resolveScenarioMembers
FNDA:4,upsertScenarioProject
FNDA:4,upsertScenarioTeam
FNDA:4,ensureScenarioAllocations
FNDA:4,ensureScenarioDeadline
FNDA:4,resolveScenarioQuestions
FNDA:4,seedScenarioAssessments
FNDA:4,createScenarioAssessments
FNDA:16,ensureSingleScenarioAssessment
FNDA:15,ensureSingleScenarioFeedback
FNDA:15,buildScenarioFeedbackPayload
FNDA:14,buildScenarioFeedbackWriteData
FNDA:2,canUpdatePeerFeedbackDelegate
FNDA:2,updateExistingScenarioFeedback
FNDA:13,createScenarioFeedback
FNDA:4,seedScenarioMarkings
FNDA:4,ensureTeamMarking
FNDA:4,ensureStudentMarkings
DA:1,1
DA:18,6
DA:19,6
DA:20,6
DA:21,6
DA:22,4
DA:24,4
DA:25,4
DA:26,4
DA:27,4
DA:28,4
DA:29,6
DA:31,4
DA:32,4
DA:33,4
DA:35,6
DA:36,6
DA:37,6
DA:38,6
DA:39,6
DA:40,5
DA:41,5
DA:42,5
DA:44,4
DA:50,4
DA:51,4
DA:52,4
DA:53,4
DA:54,4
DA:55,4
DA:56,4
DA:57,4
DA:58,4
DA:59,4
DA:60,4
DA:61,4
DA:63,5
DA:64,5
DA:65,5
DA:66,5
DA:67,5
DA:68,5
DA:69,5
DA:71,4
DA:72,4
DA:73,4
DA:74,4
DA:75,4
DA:76,4
DA:77,1
DA:78,1
DA:79,1
DA:80,1
DA:81,1
DA:82,1
DA:83,1
DA:84,1
DA:85,1
DA:86,1
DA:87,1
DA:89,4
DA:90,4
DA:91,4
DA:92,4
DA:93,4
DA:94,4
DA:95,3
DA:96,3
DA:97,3
DA:98,1
DA:99,1
DA:100,1
DA:101,1
DA:102,1
DA:103,1
DA:105,4
DA:106,4
DA:107,4
DA:108,4
DA:109,4
DA:110,4
DA:111,4
DA:112,4
DA:113,4
DA:114,4
DA:116,4
DA:117,4
DA:118,4
DA:119,1
DA:120,1
DA:121,1
DA:122,1
DA:123,1
DA:124,1
DA:125,1
DA:126,1
DA:127,1
DA:128,1
DA:129,1
DA:130,1
DA:131,1
DA:132,1
DA:134,4
DA:135,4
DA:136,4
DA:137,4
DA:138,4
DA:139,4
DA:140,4
DA:141,1
DA:142,1
DA:144,4
DA:145,4
DA:146,4
DA:147,4
DA:148,4
DA:149,4
DA:151,4
DA:152,4
DA:153,4
DA:154,4
DA:155,4
DA:156,4
DA:157,4
DA:158,4
DA:159,4
DA:160,4
DA:161,4
DA:162,4
DA:163,12
DA:164,12
DA:165,30
DA:166,30
DA:167,16
DA:168,16
DA:169,15
DA:170,15
DA:171,15
DA:172,15
DA:173,15
DA:174,15
DA:175,15
DA:176,15
DA:177,15
DA:178,15
DA:179,15
DA:180,30
DA:181,4
DA:182,4
DA:184,16
DA:185,16
DA:186,16
DA:187,16
DA:188,16
DA:189,16
DA:190,16
DA:191,16
DA:192,16
DA:193,16
DA:194,16
DA:195,16
DA:196,16
DA:197,16
DA:198,3
DA:199,3
DA:200,3
DA:201,13
DA:202,13
DA:203,13
DA:204,13
DA:205,13
DA:206,13
DA:207,13
DA:209,15
DA:210,15
DA:211,15
DA:212,15
DA:213,15
DA:214,15
DA:215,15
DA:216,15
DA:217,15
DA:218,15
DA:219,2
DA:220,2
DA:221,2
DA:223,13
DA:224,13
DA:225,13
DA:226,13
DA:233,15
DA:234,15
DA:235,15
DA:236,15
DA:237,15
DA:238,15
DA:240,14
DA:241,14
DA:242,14
DA:243,14
DA:244,14
DA:245,14
DA:246,14
DA:247,14
DA:248,14
DA:249,14
DA:250,14
DA:251,14
DA:252,14
DA:267,2
DA:268,2
DA:269,2
DA:271,2
DA:272,2
DA:273,2
DA:274,2
DA:275,2
DA:276,2
DA:277,2
DA:278,2
DA:279,1
DA:280,1
DA:281,1
DA:282,1
DA:283,1
DA:285,13
DA:286,13
DA:287,13
DA:288,13
DA:289,13
DA:290,13
DA:291,13
DA:292,13
DA:293,13
DA:294,13
DA:295,13
DA:296,13
DA:297,13
DA:298,13
DA:299,13
DA:301,4
DA:302,4
DA:303,4
DA:304,4
DA:305,4
DA:307,4
DA:308,4
DA:309,4
DA:310,1
DA:311,1
DA:312,1
DA:313,1
DA:314,1
DA:315,1
DA:316,1
DA:317,1
DA:318,1
DA:319,1
DA:321,4
DA:322,4
DA:323,4
DA:324,4
DA:325,4
DA:326,4
DA:327,4
DA:328,4
DA:329,4
DA:330,4
DA:331,4
DA:332,7
DA:333,7
DA:334,7
DA:335,7
DA:336,7
DA:337,4
DA:338,4
DA:339,4
DA:340,4
LF:278
LH:278
BRDA:18,0,0,6
BRDA:20,1,0,1
BRDA:20,2,0,5
BRDA:21,3,0,1
BRDA:21,4,0,4
BRDA:29,5,0,1
BRDA:29,6,0,4
BRDA:28,7,0,9
BRDA:35,8,0,6
BRDA:39,9,0,5
BRDA:39,10,0,5
BRDA:39,11,0,1
BRDA:39,12,0,5
BRDA:44,13,0,4
BRDA:63,14,0,5
BRDA:68,15,0,9
BRDA:68,16,0,3
BRDA:71,17,0,4
BRDA:76,18,0,3
BRDA:76,19,0,1
BRDA:89,20,0,4
BRDA:94,21,0,3
BRDA:97,22,0,1
BRDA:105,23,0,4
BRDA:110,24,0,4
BRDA:111,25,0,12
BRDA:111,26,0,8
BRDA:116,27,0,4
BRDA:118,28,0,3
BRDA:118,29,0,1
BRDA:134,30,0,4
BRDA:140,31,0,3
BRDA:140,32,0,1
BRDA:141,33,0,2
BRDA:144,34,0,4
BRDA:146,35,0,3
BRDA:147,36,0,3
BRDA:147,37,0,2
BRDA:151,38,0,4
BRDA:162,39,0,12
BRDA:163,40,0,2
BRDA:163,41,0,10
BRDA:164,42,0,30
BRDA:166,43,0,26
BRDA:166,44,0,14
BRDA:166,45,0,16
BRDA:168,46,0,1
BRDA:168,47,0,15
BRDA:176,48,0,89
BRDA:184,49,0,16
BRDA:197,50,0,3
BRDA:199,51,0,2
BRDA:199,52,0,1
BRDA:200,53,0,13
BRDA:194,54,0,90
BRDA:209,55,0,15
BRDA:218,56,0,2
BRDA:221,57,0,13
BRDA:233,58,0,15
BRDA:240,59,0,14
BRDA:267,60,0,2
BRDA:271,61,0,2
BRDA:278,62,0,1
BRDA:285,63,0,13
BRDA:301,64,0,4
BRDA:307,65,0,4
BRDA:309,66,0,3
BRDA:309,67,0,1
BRDA:321,68,0,4
BRDA:323,69,0,12
BRDA:328,70,0,2
BRDA:330,71,0,9
BRDA:331,72,0,7
BRF:73
BRH:73
end_of_record
TN:
SF:prisma/seed/help/faqs.ts
FNF:0
FNH:0
DA:3,1
DA:4,1
DA:5,1
DA:6,1
DA:7,1
DA:8,1
DA:9,1
DA:10,1
DA:11,1
DA:12,1
DA:13,1
DA:14,1
DA:15,1
DA:16,1
DA:17,1
DA:18,1
DA:19,1
DA:20,1
DA:21,1
DA:22,1
DA:23,1
DA:24,1
DA:25,1
DA:26,1
DA:27,1
DA:28,1
DA:29,1
DA:30,1
DA:31,1
DA:32,1
DA:33,1
DA:34,1
DA:36,1
DA:37,1
DA:38,1
DA:39,1
DA:40,1
DA:41,1
DA:42,1
DA:43,1
DA:44,1
DA:45,1
DA:46,1
DA:47,1
DA:48,1
DA:49,1
DA:50,1
DA:51,1
DA:52,1
DA:53,1
DA:54,1
DA:55,1
DA:56,1
DA:57,1
DA:58,1
DA:59,1
DA:60,1
DA:61,1
DA:62,1
DA:63,1
DA:64,1
DA:65,1
DA:66,1
DA:67,1
DA:68,1
DA:69,1
DA:70,1
DA:71,1
DA:72,1
DA:73,1
DA:74,1
DA:75,1
DA:76,1
DA:77,1
DA:78,1
DA:79,1
DA:80,1
DA:81,1
DA:82,1
DA:83,1
DA:84,1
DA:85,1
DA:86,1
DA:87,1
DA:88,1
DA:89,1
DA:90,1
DA:91,1
DA:92,1
DA:93,1
DA:94,1
DA:95,1
DA:96,1
DA:97,1
DA:98,1
DA:99,1
DA:100,1
DA:101,1
DA:102,1
DA:103,1
DA:104,1
DA:105,1
DA:106,1
DA:107,1
DA:108,1
DA:109,1
DA:110,1
DA:111,1
DA:112,1
DA:113,1
DA:114,1
DA:115,1
DA:116,1
DA:117,1
DA:118,1
DA:119,1
DA:120,1
DA:121,1
DA:122,1
DA:123,1
DA:124,1
DA:125,1
DA:126,1
DA:127,1
DA:128,1
DA:129,1
DA:130,1
DA:131,1
DA:132,1
DA:133,1
DA:134,1
DA:135,1
DA:136,1
DA:137,1
DA:138,1
DA:139,1
DA:140,1
DA:141,1
DA:142,1
DA:143,1
DA:144,1
DA:145,1
DA:146,1
DA:147,1
DA:148,1
DA:149,1
DA:150,1
DA:151,1
DA:152,1
DA:153,1
DA:154,1
DA:155,1
DA:156,1
DA:157,1
DA:158,1
DA:159,1
DA:160,1
DA:161,1
DA:162,1
DA:163,1
DA:164,1
DA:165,1
DA:166,1
DA:167,1
DA:168,1
DA:169,1
DA:170,1
DA:171,1
DA:172,1
DA:173,1
DA:174,1
DA:175,1
DA:176,1
DA:177,1
DA:178,1
DA:179,1
DA:180,1
DA:181,1
DA:182,1
DA:183,1
DA:184,1
DA:185,1
DA:186,1
DA:187,1
DA:188,1
DA:189,1
DA:190,1
DA:191,1
DA:192,1
DA:193,1
DA:194,1
DA:195,1
DA:196,1
DA:197,1
DA:198,1
DA:199,1
DA:200,1
DA:201,1
DA:202,1
DA:203,1
DA:204,1
DA:205,1
DA:206,1
DA:207,1
DA:208,1
DA:209,1
DA:210,1
DA:211,1
DA:212,1
DA:213,1
DA:214,1
DA:215,1
DA:216,1
DA:217,1
DA:218,1
DA:219,1
DA:220,1
DA:221,1
DA:222,1
DA:223,1
DA:224,1
DA:225,1
DA:226,1
DA:227,1
DA:228,1
DA:229,1
DA:230,1
DA:231,1
DA:232,1
DA:233,1
DA:234,1
DA:235,1
DA:236,1
DA:237,1
DA:238,1
DA:239,1
DA:240,1
DA:241,1
DA:242,1
DA:243,1
DA:244,1
DA:245,1
DA:246,1
DA:247,1
DA:248,1
DA:249,1
DA:250,1
DA:251,1
DA:252,1
DA:253,1
DA:254,1
DA:255,1
DA:256,1
DA:257,1
DA:258,1
DA:259,1
DA:260,1
DA:261,1
DA:262,1
DA:263,1
DA:264,1
DA:265,1
DA:266,1
DA:267,1
DA:268,1
DA:269,1
DA:270,1
DA:271,1
DA:272,1
DA:273,1
DA:274,1
DA:275,1
DA:276,1
DA:277,1
DA:278,1
DA:279,1
DA:280,1
DA:281,1
DA:282,1
DA:283,1
DA:284,1
DA:285,1
LF:282
LH:282
BRF:0
BRH:0
end_of_record
TN:
SF:prisma/seed/help/topics-and-articles.ts
FNF:0
FNH:0
DA:3,1
DA:4,1
DA:5,1
DA:6,1
DA:7,1
DA:8,1
DA:9,1
DA:10,1
DA:11,1
DA:12,1
DA:13,1
DA:14,1
DA:15,1
DA:16,1
DA:17,1
DA:18,1
DA:19,1
DA:20,1
DA:21,1
DA:22,1
DA:23,1
DA:24,1
DA:25,1
DA:27,1
DA:28,1
DA:29,1
DA:30,1
DA:31,1
DA:32,1
DA:33,1
DA:34,1
DA:35,1
DA:36,1
DA:37,1
DA:38,1
DA:39,1
DA:40,1
DA:41,1
DA:42,1
DA:43,1
DA:44,1
DA:45,1
DA:46,1
DA:47,1
DA:48,1
DA:49,1
DA:50,1
DA:51,1
DA:52,1
DA:53,1
DA:54,1
DA:55,1
DA:56,1
DA:57,1
DA:58,1
DA:59,1
DA:60,1
DA:61,1
DA:62,1
DA:63,1
DA:64,1
DA:65,1
DA:66,1
DA:67,1
DA:68,1
DA:69,1
DA:70,1
DA:71,1
DA:72,1
DA:73,1
DA:74,1
DA:75,1
DA:76,1
DA:77,1
DA:78,1
DA:79,1
DA:80,1
DA:81,1
DA:82,1
DA:83,1
DA:84,1
DA:85,1
DA:86,1
DA:87,1
DA:88,1
DA:89,1
DA:90,1
DA:91,1
DA:92,1
DA:93,1
DA:94,1
DA:95,1
DA:96,1
DA:97,1
DA:98,1
DA:99,1
DA:100,1
DA:101,1
DA:102,1
DA:103,1
DA:104,1
DA:105,1
DA:106,1
DA:107,1
DA:108,1
DA:109,1
DA:110,1
DA:111,1
DA:112,1
DA:113,1
DA:114,1
DA:115,1
DA:116,1
DA:117,1
DA:118,1
DA:119,1
DA:120,1
DA:121,1
DA:122,1
DA:123,1
DA:124,1
DA:125,1
DA:126,1
DA:127,1
DA:128,1
DA:129,1
DA:130,1
DA:131,1
DA:132,1
LF:129
LH:129
BRF:0
BRH:0
end_of_record
TN:
SF:prisma/seed/help/writes.ts
FN:5,upsertHelpTopics
FN:30,upsertHelpArticles
FN:42,upsertHelpFaqGroups
FN:57,upsertHelpFaqs
FN:69,buildHelpArticleWrite
FN:81,buildHelpFaqGroupWrite
FN:92,buildHelpFaqWrite
FNF:7
FNH:7
FNDA:6,upsertHelpTopics
FNDA:6,upsertHelpArticles
FNDA:5,upsertHelpFaqGroups
FNDA:5,upsertHelpFaqs
FNDA:60,buildHelpArticleWrite
FNDA:40,buildHelpFaqGroupWrite
FNDA:272,buildHelpFaqWrite
DA:1,1
DA:5,6
DA:6,6
DA:7,6
DA:8,36
DA:9,36
DA:10,36
DA:11,36
DA:12,36
DA:13,36
DA:14,36
DA:15,36
DA:16,36
DA:17,36
DA:18,36
DA:19,36
DA:20,36
DA:21,36
DA:22,36
DA:23,36
DA:24,36
DA:25,36
DA:26,36
DA:27,6
DA:28,6
DA:30,6
DA:31,6
DA:32,31
DA:33,31
DA:34,30
DA:35,30
DA:36,30
DA:37,30
DA:38,30
DA:39,30
DA:40,5
DA:42,5
DA:43,5
DA:44,5
DA:45,20
DA:46,20
DA:47,20
DA:48,20
DA:49,20
DA:50,20
DA:51,20
DA:52,20
DA:53,20
DA:54,5
DA:55,5
DA:57,5
DA:58,5
DA:59,137
DA:60,137
DA:61,136
DA:62,136
DA:63,136
DA:64,136
DA:65,136
DA:66,136
DA:67,4
DA:69,60
DA:70,60
DA:71,60
DA:72,60
DA:73,60
DA:74,60
DA:75,60
DA:76,60
DA:77,60
DA:78,60
DA:79,60
DA:81,40
DA:82,40
DA:83,40
DA:84,40
DA:85,40
DA:86,40
DA:87,40
DA:88,40
DA:89,40
DA:90,40
DA:92,272
DA:93,272
DA:100,272
DA:101,272
DA:102,272
DA:103,272
DA:104,272
DA:105,272
DA:106,272
DA:107,272
DA:108,272
DA:109,272
LF:94
LH:94
BRDA:5,0,0,6
BRDA:7,1,0,36
BRDA:12,2,0,6
BRDA:19,3,0,6
BRDA:30,4,0,6
BRDA:31,5,0,31
BRDA:33,6,0,1
BRDA:33,7,0,30
BRDA:39,8,0,5
BRDA:42,9,0,5
BRDA:44,10,0,20
BRDA:57,11,0,5
BRDA:58,12,0,137
BRDA:60,13,0,1
BRDA:60,14,0,136
BRDA:66,15,0,4
BRDA:69,16,0,60
BRDA:73,17,0,10
BRDA:75,18,0,50
BRDA:81,19,0,40
BRDA:85,20,0,10
BRDA:86,21,0,10
BRDA:92,22,0,272
BRDA:107,23,0,56
BRF:24
BRH:24
end_of_record
TN:
SF:prisma/seed/meetings/definitions.ts
FN:23,buildMeetingDefinitions
FN:34,buildTeamIntroMeetingInput
FN:44,buildWeeklyCheckInMeetingInput
FN:54,buildUiReviewMeetingInput
FN:64,buildTestingSessionMeetingInput
FN:74,buildSubmissionPrepMeetingInput
FN:84,buildDemoRehearsalMeetingInput
FNF:7
FNH:7
FNDA:2,buildMeetingDefinitions
FNDA:2,buildTeamIntroMeetingInput
FNDA:2,buildWeeklyCheckInMeetingInput
FNDA:2,buildUiReviewMeetingInput
FNDA:2,buildTestingSessionMeetingInput
FNDA:2,buildSubmissionPrepMeetingInput
FNDA:2,buildDemoRehearsalMeetingInput
DA:23,1
DA:24,2
DA:25,2
DA:26,2
DA:27,2
DA:28,2
DA:29,2
DA:30,2
DA:31,2
DA:32,2
DA:34,2
DA:35,2
DA:36,2
DA:37,2
DA:38,2
DA:39,2
DA:40,2
DA:41,2
DA:42,2
DA:44,2
DA:45,2
DA:46,2
DA:47,2
DA:48,2
DA:49,2
DA:50,2
DA:51,2
DA:52,2
DA:54,2
DA:55,2
DA:56,2
DA:57,2
DA:58,2
DA:59,2
DA:60,2
DA:61,2
DA:62,2
DA:64,2
DA:65,2
DA:66,2
DA:67,2
DA:68,2
DA:69,2
DA:70,2
DA:71,2
DA:72,2
DA:74,2
DA:75,2
DA:76,2
DA:77,2
DA:78,2
DA:79,2
DA:80,2
DA:81,2
DA:82,2
DA:84,2
DA:85,2
DA:86,2
DA:87,2
DA:88,2
DA:89,2
DA:90,2
DA:91,2
DA:92,2
LF:64
LH:64
BRDA:23,0,0,2
BRDA:34,1,0,2
BRDA:44,2,0,2
BRDA:54,3,0,2
BRDA:64,4,0,2
BRDA:74,5,0,2
BRDA:84,6,0,2
BRF:7
BRH:7
end_of_record
TN:
SF:prisma/seed/outcomes/helpers.ts
FN:14,getProjectsWithExistingDeadlines
FN:21,upsertProjectDeadlines
FN:36,buildAssessmentLookup
FN:43,seedPeerAssessmentsForTeam
FN:58,getDefaultFeatureFlags
FN:71,findExistingFeatureFlagKeys
FN:77,upsertFeatureFlags
FN:90,getStaffStudentMarksReadiness
FN:111,getSafeStudentAllocationCandidates
FN:120,scopeStudentMarkCandidates
FN:126,buildStaffPoolByModuleId
FN:136,buildStaffStudentMarkRows
FN:156,buildProjectDeadlineWrite
FN:166,resolveTeamTemplate
FN:171,findTeamMemberIds
FN:177,getPeerAssessmentTeamState
FN:189,findExistingFeedbackIds
FN:195,seedTeamPeerReviewPairs
FN:208,seedReviewerPairs
FN:228,upsertPeerAssessmentAndFeedback
FN:252,buildAnswersJson
FN:258,writePeerAssessment
FN:272,upsertPeerFeedback
FN:298,findTeamAllocationsForMarks
FN:305,findConfirmedStudentIds
FN:311,addModuleStaffToPool
FN:317,resolveMarkerUserId
FN:333,buildSeedStudentMark
FN:340,normalizeSentence
FN:347,buildReviewPairKey
FN:351,buildAssessmentAnswer
FN:357,buildFeedbackText
FN:361,buildAgreementPayload
FNF:33
FNH:33
FNDA:3,getProjectsWithExistingDeadlines
FNDA:3,upsertProjectDeadlines
FNDA:8,buildAssessmentLookup
FNDA:10,seedPeerAssessmentsForTeam
FNDA:4,getDefaultFeatureFlags
FNDA:4,findExistingFeatureFlagKeys
FNDA:4,upsertFeatureFlags
FNDA:14,getStaffStudentMarksReadiness
FNDA:12,getSafeStudentAllocationCandidates
FNDA:11,scopeStudentMarkCandidates
FNDA:10,buildStaffPoolByModuleId
FNDA:10,buildStaffStudentMarkRows
FNDA:20,buildProjectDeadlineWrite
FNDA:10,resolveTeamTemplate
FNDA:8,findTeamMemberIds
FNDA:7,getPeerAssessmentTeamState
FNDA:7,findExistingFeedbackIds
FNDA:7,seedTeamPeerReviewPairs
FNDA:17,seedReviewerPairs
FNDA:28,upsertPeerAssessmentAndFeedback
FNDA:28,buildAnswersJson
FNDA:28,writePeerAssessment
FNDA:28,upsertPeerFeedback
FNDA:12,findTeamAllocationsForMarks
FNDA:12,findConfirmedStudentIds
FNDA:12,addModuleStaffToPool
FNDA:14,resolveMarkerUserId
FNDA:14,buildSeedStudentMark
FNDA:14,normalizeSentence
FNDA:29,buildReviewPairKey
FNDA:52,buildAssessmentAnswer
FNDA:56,buildFeedbackText
FNDA:28,buildAgreementPayload
DA:1,1
DA:14,1
DA:15,3
DA:16,3
DA:17,3
DA:18,3
DA:19,3
DA:21,3
DA:22,3
DA:23,3
DA:24,3
DA:25,10
DA:26,10
DA:27,10
DA:28,10
DA:29,10
DA:30,10
DA:31,10
DA:32,10
DA:33,3
DA:34,3
DA:36,1
DA:37,8
DA:38,8
DA:39,8
DA:40,8
DA:41,8
DA:43,10
DA:44,10
DA:45,10
DA:46,10
DA:47,10
DA:48,10
DA:49,10
DA:51,8
DA:52,10
DA:54,7
DA:55,7
DA:56,7
DA:58,1
DA:59,4
DA:60,4
DA:61,4
DA:62,4
DA:63,4
DA:64,4
DA:65,4
DA:66,4
DA:67,4
DA:68,4
DA:69,4
DA:71,1
DA:72,4
DA:73,4
DA:74,4
DA:75,4
DA:77,4
DA:78,4
DA:79,4
DA:80,4
DA:81,4
DA:82,12
DA:83,12
DA:84,12
DA:85,12
DA:86,12
DA:87,12
DA:88,4
DA:90,14
DA:91,14
DA:92,14
DA:94,13
DA:95,14
DA:96,1
DA:97,1
DA:98,1
DA:99,1
DA:100,1
DA:102,12
DA:103,12
DA:104,12
DA:105,12
DA:106,12
DA:107,12
DA:108,12
DA:109,12
DA:111,12
DA:112,12
DA:113,12
DA:114,12
DA:115,12
DA:116,12
DA:117,12
DA:118,12
DA:120,1
DA:121,11
DA:122,11
DA:123,11
DA:124,11
DA:126,1
DA:127,10
DA:128,10
DA:129,10
DA:130,10
DA:131,10
DA:132,10
DA:133,10
DA:134,10
DA:136,1
DA:137,10
DA:138,10
DA:139,10
DA:140,10
DA:141,10
DA:142,10
DA:143,10
DA:144,10
DA:145,14
DA:146,14
DA:147,14
DA:148,14
DA:149,14
DA:150,14
DA:151,14
DA:152,14
DA:153,10
DA:154,10
DA:156,20
DA:157,20
DA:158,20
DA:159,20
DA:160,20
DA:161,20
DA:162,20
DA:163,20
DA:164,20
DA:166,10
DA:167,10
DA:168,10
DA:169,10
DA:171,8
DA:172,8
DA:173,8
DA:174,8
DA:175,8
DA:177,7
DA:178,7
DA:179,7
DA:180,7
DA:181,7
DA:182,7
DA:183,7
DA:184,7
DA:185,7
DA:186,7
DA:187,7
DA:189,7
DA:190,7
DA:191,7
DA:192,7
DA:193,7
DA:195,7
DA:196,7
DA:197,7
DA:198,7
DA:199,18
DA:200,18
DA:201,17
DA:202,17
DA:203,17
DA:204,17
DA:205,7
DA:206,7
DA:208,17
DA:209,17
DA:210,17
DA:211,17
DA:212,17
DA:213,17
DA:214,17
DA:215,17
DA:216,17
DA:217,17
DA:218,17
DA:219,29
DA:220,29
DA:221,28
DA:222,29
DA:223,29
DA:224,29
DA:225,17
DA:226,17
DA:228,28
DA:229,28
DA:230,28
DA:231,28
DA:232,28
DA:233,28
DA:234,28
DA:235,28
DA:236,28
DA:237,28
DA:238,28
DA:239,28
DA:240,28
DA:241,28
DA:242,28
DA:243,28
DA:244,28
DA:245,28
DA:246,28
DA:247,28
DA:248,28
DA:249,28
DA:250,28
DA:252,28
DA:253,28
DA:254,28
DA:255,28
DA:256,28
DA:258,28
DA:259,28
DA:260,28
DA:261,28
DA:262,28
DA:263,28
DA:264,28
DA:265,28
DA:266,28
DA:267,27
DA:268,27
DA:269,27
DA:270,27
DA:272,28
DA:273,28
DA:274,28
DA:275,28
DA:276,28
DA:277,28
DA:278,28
DA:279,28
DA:280,28
DA:281,28
DA:282,28
DA:283,28
DA:284,28
DA:285,28
DA:286,28
DA:287,28
DA:288,28
DA:289,28
DA:290,28
DA:291,28
DA:292,28
DA:293,28
DA:294,28
DA:295,28
DA:296,28
DA:298,12
DA:299,12
DA:300,12
DA:301,12
DA:302,12
DA:303,12
DA:305,12
DA:306,12
DA:307,12
DA:308,12
DA:309,12
DA:311,12
DA:312,12
DA:313,12
DA:314,12
DA:315,12
DA:317,14
DA:318,14
DA:319,14
DA:320,14
DA:321,14
DA:322,14
DA:323,14
DA:324,14
DA:325,14
DA:326,14
DA:327,14
DA:328,14
DA:329,14
DA:330,8
DA:331,8
DA:333,14
DA:334,14
DA:335,14
DA:336,14
DA:337,14
DA:338,14
DA:340,14
DA:341,14
DA:342,14
DA:343,13
DA:344,14
DA:345,14
DA:347,29
DA:348,29
DA:349,29
DA:351,52
DA:352,52
DA:353,52
DA:354,52
DA:355,52
DA:357,56
DA:358,56
DA:359,56
DA:361,28
DA:364,28
DA:365,28
DA:366,28
DA:367,60
DA:368,60
DA:369,60
DA:370,60
DA:371,60
DA:372,28
DA:373,28
DA:374,28
LF:324
LH:324
BRDA:14,0,0,3
BRDA:15,1,0,10
BRDA:18,2,0,3
BRDA:18,3,0,1
BRDA:21,4,0,3
BRDA:24,5,0,10
BRDA:26,6,0,9
BRDA:36,7,0,8
BRDA:38,8,0,14
BRDA:39,9,0,16
BRDA:43,10,0,10
BRDA:49,11,0,2
BRDA:49,12,0,8
BRDA:52,13,0,1
BRDA:52,14,0,7
BRDA:58,15,0,4
BRDA:71,16,0,4
BRDA:74,17,0,4
BRDA:74,18,0,4
BRDA:77,19,0,4
BRDA:81,20,0,12
BRDA:90,21,0,14
BRDA:92,22,0,1
BRDA:92,23,0,13
BRDA:95,24,0,1
BRDA:100,25,0,12
BRDA:91,26,0,17
BRDA:102,27,0,16
BRDA:111,28,0,12
BRDA:114,29,0,20
BRDA:115,30,0,15
BRDA:117,31,0,15
BRDA:120,32,0,11
BRDA:122,33,0,10
BRDA:122,34,0,1
BRDA:123,35,0,10
BRDA:123,36,0,1
BRDA:126,37,0,10
BRDA:131,38,0,6
BRDA:132,39,0,6
BRDA:136,40,0,10
BRDA:142,41,0,20
BRDA:143,42,0,14
BRDA:144,43,0,14
BRDA:156,44,0,20
BRDA:166,45,0,10
BRDA:168,46,0,9
BRDA:168,47,0,1
BRDA:168,48,0,1
BRDA:171,49,0,8
BRDA:174,50,0,8
BRDA:174,51,0,19
BRDA:177,52,0,7
BRDA:183,53,0,1
BRDA:185,54,0,1
BRDA:189,55,0,7
BRDA:192,56,0,7
BRDA:192,57,0,1
BRDA:195,58,0,7
BRDA:198,59,0,18
BRDA:200,60,0,1
BRDA:200,61,0,17
BRDA:208,62,0,17
BRDA:218,63,0,29
BRDA:220,64,0,1
BRDA:220,65,0,28
BRDA:222,66,0,27
BRDA:222,67,0,1
BRDA:223,68,0,6
BRDA:223,69,0,22
BRDA:228,70,0,28
BRDA:240,71,0,27
BRDA:252,72,0,28
BRDA:254,73,0,52
BRDA:258,74,0,28
BRDA:266,75,0,1
BRDA:266,76,0,27
BRDA:272,77,0,28
BRDA:294,78,0,6
BRDA:298,79,0,12
BRDA:305,80,0,12
BRDA:308,81,0,12
BRDA:308,82,0,24
BRDA:311,83,0,12
BRDA:312,84,0,7
BRDA:313,85,0,10
BRDA:317,86,0,14
BRDA:327,87,0,13
BRDA:327,88,0,1
BRDA:328,89,0,12
BRDA:328,90,0,2
BRDA:329,91,0,8
BRDA:329,92,0,8
BRDA:329,93,0,6
BRDA:333,94,0,14
BRDA:340,95,0,14
BRDA:341,96,0,1
BRDA:341,97,0,13
BRDA:342,98,0,1
BRDA:342,99,0,13
BRDA:344,100,0,12
BRDA:344,101,0,1
BRDA:347,102,0,29
BRDA:351,103,0,52
BRDA:357,104,0,56
BRDA:361,105,0,28
BRDA:364,106,0,26
BRDA:364,107,0,2
BRDA:366,108,0,60
BRF:109
BRH:109
end_of_record
TN:
SF:src/prisma/outcomes.seed.shared.ts
FN:70,resetOutcomesSeedMocks
FNF:1
FNH:1
FNDA:21,resetOutcomesSeedMocks
DA:1,1
DA:46,1
DA:47,1
DA:48,1
DA:70,1
DA:71,21
DA:72,21
DA:73,21
DA:74,21
DA:75,21
DA:76,21
DA:77,21
DA:78,21
DA:79,21
DA:80,21
DA:81,21
DA:82,21
DA:83,21
DA:84,21
DA:85,21
DA:86,21
DA:87,21
DA:88,21
DA:89,21
DA:90,21
LF:25
LH:25
BRDA:70,0,0,21
BRF:1
BRH:1
end_of_record
TN:
SF:src/prisma/seed.script.shared.impl.ts
FN:112,buildPrismaClientMock
FN:116,mockSeedRuntime
FN:138,buildPrismaMock
FN:154,buildEnterpriseUserDelegates
FN:169,resolveUserLookup
FN:179,seedUsers
FN:189,buildModuleTemplateDelegates
FN:197,seedModules
FN:201,seedTemplate
FN:205,seedQuestions
FN:213,buildProjectTeamDelegates
FN:234,seedProjects
FN:238,buildMembershipDelegates
FN:254,buildMeetingDelegates
FN:270,buildOutcomeDelegates
FN:282,buildHelpForumDelegates
FN:295,buildGithubNotificationDelegates
FN:307,attachPrismaUtilities
FN:317,flushAsyncWork
FNF:19
FNH:19
FNDA:3,buildPrismaClientMock
FNDA:3,mockSeedRuntime
FNDA:4,buildPrismaMock
FNDA:4,buildEnterpriseUserDelegates
FNDA:13,resolveUserLookup
FNDA:4,seedUsers
FNDA:4,buildModuleTemplateDelegates
FNDA:4,seedModules
FNDA:8,seedTemplate
FNDA:4,seedQuestions
FNDA:4,buildProjectTeamDelegates
FNDA:4,seedProjects
FNDA:4,buildMembershipDelegates
FNDA:4,buildMeetingDelegates
FNDA:4,buildOutcomeDelegates
FNDA:4,buildHelpForumDelegates
FNDA:4,buildGithubNotificationDelegates
FNDA:4,attachPrismaUtilities
FNDA:3,flushAsyncWork
DA:1,1
DA:112,3
DA:113,3
DA:114,3
DA:116,1
DA:117,3
DA:118,3
DA:119,3
DA:120,3
DA:121,3
DA:122,3
DA:123,3
DA:124,3
DA:125,3
DA:126,3
DA:127,3
DA:128,3
DA:129,3
DA:130,3
DA:131,1
DA:132,1
DA:133,1
DA:134,1
DA:135,1
DA:136,3
DA:138,1
DA:139,4
DA:140,4
DA:141,4
DA:142,4
DA:143,4
DA:144,4
DA:145,4
DA:146,4
DA:147,4
DA:148,4
DA:149,4
DA:150,4
DA:151,4
DA:152,4
DA:154,4
DA:155,4
DA:156,4
DA:157,4
DA:158,4
DA:159,4
DA:160,4
DA:161,4
DA:162,4
DA:163,4
DA:164,4
DA:165,4
DA:166,4
DA:167,4
DA:169,13
DA:170,13
DA:171,13
DA:172,13
DA:173,13
DA:174,13
DA:175,13
DA:176,13
DA:177,13
DA:179,4
DA:180,4
DA:181,4
DA:182,4
DA:183,4
DA:184,4
DA:185,4
DA:186,4
DA:187,4
DA:189,4
DA:190,4
DA:191,4
DA:192,4
DA:193,4
DA:194,4
DA:195,4
DA:197,4
DA:198,4
DA:199,4
DA:201,8
DA:202,8
DA:203,8
DA:205,4
DA:206,4
DA:207,4
DA:208,4
DA:209,4
DA:210,4
DA:211,4
DA:213,4
DA:214,4
DA:215,4
DA:216,4
DA:217,4
DA:218,4
DA:219,4
DA:220,4
DA:221,4
DA:222,4
DA:223,4
DA:224,4
DA:225,4
DA:226,4
DA:227,4
DA:228,4
DA:229,4
DA:230,4
DA:231,4
DA:232,4
DA:234,4
DA:235,4
DA:236,4
DA:238,4
DA:239,4
DA:240,4
DA:241,4
DA:242,4
DA:243,4
DA:244,4
DA:245,4
DA:246,4
DA:247,4
DA:248,4
DA:249,4
DA:250,4
DA:251,4
DA:252,4
DA:254,4
DA:255,4
DA:256,4
DA:257,4
DA:258,4
DA:259,4
DA:260,4
DA:261,4
DA:262,4
DA:263,4
DA:264,4
DA:265,4
DA:266,4
DA:267,4
DA:268,4
DA:270,4
DA:271,4
DA:272,4
DA:273,4
DA:274,4
DA:275,4
DA:276,4
DA:277,4
DA:278,4
DA:279,4
DA:280,4
DA:282,4
DA:283,4
DA:284,4
DA:285,4
DA:286,4
DA:287,4
DA:288,4
DA:289,4
DA:290,4
DA:291,4
DA:292,4
DA:293,4
DA:295,4
DA:296,4
DA:297,4
DA:298,4
DA:299,4
DA:300,4
DA:301,4
DA:302,4
DA:303,4
DA:304,4
DA:305,4
DA:307,4
DA:308,4
DA:309,3
DA:310,3
DA:311,1
DA:312,4
DA:313,4
DA:314,4
DA:315,4
DA:317,3
DA:318,3
DA:319,3
DA:320,3
LF:192
LH:192
BRDA:112,0,0,3
BRDA:116,1,0,3
BRDA:130,2,0,1
BRDA:130,3,0,1
BRDA:117,4,0,3
BRDA:118,5,0,3
BRDA:121,6,0,3
BRDA:124,7,0,3
BRDA:131,8,0,1
BRDA:138,9,0,4
BRDA:154,10,0,4
BRDA:158,11,0,13
BRDA:169,12,0,13
BRDA:171,13,0,3
BRDA:171,14,0,10
BRDA:172,15,0,6
BRDA:172,16,0,2
BRDA:172,17,0,8
BRDA:173,18,0,4
BRDA:175,19,0,4
BRDA:175,20,0,4
BRDA:176,21,0,4
BRDA:176,22,0,4
BRDA:179,23,0,4
BRDA:189,24,0,4
BRDA:197,25,0,4
BRDA:201,26,0,8
BRDA:205,27,0,4
BRDA:213,28,0,4
BRDA:234,29,0,4
BRDA:238,30,0,4
BRDA:254,31,0,4
BRDA:270,32,0,4
BRDA:282,33,0,4
BRDA:295,34,0,4
BRDA:307,35,0,4
BRDA:308,36,0,3
BRDA:309,37,0,1
BRDA:309,38,0,2
BRDA:310,39,0,1
BRDA:317,40,0,3
BRDA:318,41,0,3
BRDA:319,42,0,3
BRF:43
BRH:43
end_of_record
TN:
SF:src/prisma/seed.script.shared.ts
FNF:0
FNH:0
DA:1,1
LF:1
LH:1
BRF:0
BRH:0
end_of_record
