TN:
SF:src/features/moduleJoin/code.ts
FN:10,parsePositiveIntEnv
FN:18,parseAlphabetEnv
FN:44,normalizeModuleJoinCode
FN:59,createModuleJoinCodeCandidate
FNF:4
FNH:4
FNDA:20,parsePositiveIntEnv
FNDA:10,parseAlphabetEnv
FNDA:21,normalizeModuleJoinCode
FNDA:9,createModuleJoinCodeCandidate
DA:1,1
DA:3,1
DA:4,1
DA:5,1
DA:6,1
DA:7,1
DA:8,1
DA:10,20
DA:11,20
DA:12,20
DA:13,4
DA:14,20
DA:15,2
DA:16,2
DA:18,10
DA:19,10
DA:20,10
DA:21,4
DA:22,6
DA:23,6
DA:24,2
DA:25,6
DA:26,1
DA:27,1
DA:29,1
DA:30,1
DA:31,1
DA:32,1
DA:33,1
DA:34,1
DA:35,1
DA:36,1
DA:37,1
DA:38,1
DA:39,1
DA:40,1
DA:41,1
DA:42,1
DA:44,1
DA:45,21
DA:46,21
DA:47,7
DA:48,7
DA:50,21
DA:51,103
DA:52,3
DA:53,3
DA:54,103
DA:56,11
DA:57,11
DA:59,1
DA:60,9
DA:61,9
DA:62,9
DA:63,72
DA:64,72
DA:65,9
DA:66,9
LF:58
LH:58
BRDA:10,0,0,20
BRDA:12,1,0,16
BRDA:12,2,0,12
BRDA:12,3,0,4
BRDA:14,4,0,3
BRDA:14,5,0,2
BRDA:18,6,0,10
BRDA:19,7,0,6
BRDA:20,8,0,6
BRDA:20,9,0,4
BRDA:22,10,0,1
BRDA:22,11,0,3
BRDA:23,12,0,1
BRDA:23,13,0,2
BRDA:25,14,0,1
BRDA:44,15,0,21
BRDA:46,16,0,17
BRDA:46,17,0,7
BRDA:48,18,0,14
BRDA:50,19,0,103
BRDA:51,20,0,3
BRDA:54,21,0,11
BRDA:59,22,0,9
BRDA:62,23,0,72
BRF:24
BRH:24
end_of_record
TN:
SF:src/features/moduleJoin/controller.parsers.ts
FN:4,parseModuleJoinCodeBody
FN:13,parseModuleIdParam
FN:19,parseNormalizedModuleJoinCode
FNF:3
FNH:3
FNDA:12,parseModuleJoinCodeBody
FNDA:13,parseModuleIdParam
FNDA:9,parseNormalizedModuleJoinCode
DA:1,1
DA:4,1
DA:5,12
DA:6,12
DA:7,12
DA:8,5
DA:9,5
DA:10,7
DA:11,7
DA:13,1
DA:14,13
DA:15,13
DA:16,7
DA:17,7
DA:19,1
DA:20,9
DA:21,9
DA:22,3
DA:23,3
DA:24,6
DA:25,6
LF:21
LH:21
BRDA:4,0,0,12
BRDA:5,1,0,11
BRDA:5,2,0,10
BRDA:5,3,0,2
BRDA:7,4,0,5
BRDA:9,5,0,7
BRDA:13,6,0,13
BRDA:15,7,0,6
BRDA:15,8,0,7
BRDA:19,9,0,9
BRDA:21,10,0,3
BRDA:23,11,0,6
BRF:12
BRH:12
end_of_record
TN:
SF:src/features/moduleJoin/controller.ts
FN:8,sendModuleJoinError
FN:15,joinModuleHandler
FN:38,getModuleJoinCodeHandler
FN:63,rotateModuleJoinCodeHandler
FNF:4
FNH:4
FNDA:6,sendModuleJoinError
FNDA:8,joinModuleHandler
FNDA:5,getModuleJoinCodeHandler
FNDA:5,rotateModuleJoinCodeHandler
DA:1,1
DA:8,6
DA:9,6
DA:10,6
DA:11,6
DA:12,6
DA:13,6
DA:15,8
DA:16,8
DA:17,8
DA:18,1
DA:19,1
DA:21,7
DA:22,8
DA:23,1
DA:24,1
DA:25,6
DA:26,8
DA:27,1
DA:28,1
DA:30,5
DA:31,8
DA:32,4
DA:33,4
DA:35,1
DA:36,1
DA:38,5
DA:39,5
DA:40,5
DA:41,1
DA:42,1
DA:44,4
DA:45,5
DA:46,1
DA:47,1
DA:49,3
DA:50,5
DA:51,1
DA:52,1
DA:54,2
DA:55,5
DA:56,1
DA:57,1
DA:59,1
DA:60,1
DA:61,1
DA:63,5
DA:64,5
DA:65,5
DA:66,1
DA:67,1
DA:69,4
DA:70,5
DA:71,1
DA:72,1
DA:74,3
DA:75,5
DA:76,1
DA:77,1
DA:79,2
DA:80,5
DA:81,1
DA:82,1
DA:84,1
DA:85,1
DA:86,1
LF:66
LH:66
BRDA:8,0,0,6
BRDA:15,1,0,8
BRDA:16,2,0,7
BRDA:17,3,0,1
BRDA:19,4,0,7
BRDA:22,5,0,1
BRDA:24,6,0,6
BRDA:26,7,0,1
BRDA:28,8,0,5
BRDA:31,9,0,4
BRDA:33,10,0,1
BRDA:38,11,0,5
BRDA:39,12,0,4
BRDA:40,13,0,1
BRDA:42,14,0,4
BRDA:45,15,0,1
BRDA:47,16,0,3
BRDA:50,17,0,1
BRDA:52,18,0,2
BRDA:55,19,0,1
BRDA:63,20,0,5
BRDA:64,21,0,4
BRDA:65,22,0,1
BRDA:67,23,0,4
BRDA:70,24,0,1
BRDA:72,25,0,3
BRDA:75,26,0,1
BRDA:77,27,0,2
BRDA:80,28,0,1
BRF:29
BRH:29
end_of_record
TN:
SF:src/features/moduleJoin/rateLimit.ts
FN:9,moduleJoinClientKey
FNF:1
FNH:1
FNDA:24,moduleJoinClientKey
DA:1,1
DA:5,1
DA:6,1
DA:7,1
DA:9,1
DA:10,24
DA:11,24
DA:12,24
DA:13,24
DA:14,1
DA:15,1
DA:16,23
DA:17,23
DA:19,1
DA:20,1
DA:21,1
DA:22,1
DA:23,1
DA:24,1
LF:19
LH:19
BRDA:9,0,0,24
BRDA:11,1,0,2
BRDA:12,2,0,1
BRDA:13,3,0,1
BRDA:15,4,0,23
BRF:5
BRH:5
end_of_record
TN:
SF:src/features/moduleJoin/repo.ts
FN:9,findJoinActor
FN:20,findJoinableModuleByCode
FN:34,insertModuleEnrollment
FN:43,getAuthorizedModuleJoinCode
FN:61,getAuthorizedModuleForJoinCodeMutation
FN:79,updateModuleJoinCode
FNF:6
FNH:6
FNDA:1,findJoinActor
FNDA:1,findJoinableModuleByCode
FNDA:2,insertModuleEnrollment
FNDA:2,getAuthorizedModuleJoinCode
FNDA:2,getAuthorizedModuleForJoinCodeMutation
FNDA:2,updateModuleJoinCode
DA:1,1
DA:9,1
DA:10,1
DA:11,1
DA:12,1
DA:13,1
DA:14,1
DA:15,1
DA:16,1
DA:17,1
DA:18,1
DA:20,1
DA:21,1
DA:22,1
DA:23,1
DA:24,1
DA:25,1
DA:26,1
DA:27,1
DA:28,1
DA:29,1
DA:30,1
DA:31,1
DA:32,1
DA:34,2
DA:35,2
DA:36,2
DA:37,2
DA:38,2
DA:40,2
DA:41,2
DA:43,2
DA:48,2
DA:49,2
DA:51,2
DA:52,2
DA:53,2
DA:54,2
DA:55,2
DA:56,2
DA:57,2
DA:58,2
DA:59,2
DA:61,2
DA:66,2
DA:67,2
DA:69,2
DA:70,2
DA:71,2
DA:72,2
DA:73,2
DA:74,2
DA:75,2
DA:76,2
DA:77,2
DA:79,2
DA:80,2
DA:81,2
DA:82,2
DA:83,2
DA:85,2
DA:86,2
DA:87,2
DA:88,2
DA:89,2
DA:90,2
DA:91,2
DA:92,2
DA:93,2
DA:94,2
LF:70
LH:70
BRDA:9,0,0,1
BRDA:20,1,0,1
BRDA:34,2,0,2
BRDA:43,3,0,2
BRDA:55,4,0,1
BRDA:55,5,0,1
BRDA:61,6,0,2
BRDA:67,7,0,1
BRDA:73,8,0,1
BRDA:73,9,0,1
BRDA:79,10,0,2
BRF:11
BRH:11
end_of_record
TN:
SF:src/features/moduleJoin/router.ts
FNF:0
FNH:0
DA:1,1
DA:2,1
DA:7,1
DA:8,1
DA:10,1
DA:12,1
DA:13,1
DA:14,1
DA:16,1
LF:9
LH:9
BRF:0
BRH:0
end_of_record
TN:
SF:src/features/moduleJoin/service.ts
FN:48,fail
FN:52,emitModuleJoinAuditEvent
FN:79,joinModuleByCode
FN:89,getModuleJoinCode
FN:113,rotateModuleJoinCode
FN:142,withGeneratedModuleJoinCode
FN:161,isModuleJoinCodeUniqueConstraintError
FN:171,resolveJoinActor
FN:178,resolveJoinTargetModule
FN:190,failWithInvalidJoinCode
FN:202,joinStudentToModule
FN:218,emitJoinEnrollmentAuditEvent
FNF:12
FNH:12
FNDA:7,fail
FNDA:6,emitModuleJoinAuditEvent
FNDA:6,joinModuleByCode
FNDA:2,getModuleJoinCode
FNDA:3,rotateModuleJoinCode
FNDA:7,withGeneratedModuleJoinCode
FNDA:5,isModuleJoinCodeUniqueConstraintError
FNDA:6,resolveJoinActor
FNDA:4,resolveJoinTargetModule
FNDA:2,failWithInvalidJoinCode
FNDA:2,joinStudentToModule
FNDA:2,emitJoinEnrollmentAuditEvent
DA:1,1
DA:48,7
DA:49,7
DA:50,7
DA:52,6
DA:53,6
DA:59,6
DA:60,6
DA:61,6
DA:62,6
DA:63,6
DA:64,6
DA:65,6
DA:66,6
DA:67,6
DA:68,6
DA:69,6
DA:79,6
DA:80,6
DA:81,6
DA:83,4
DA:84,6
DA:86,2
DA:87,2
DA:89,2
DA:90,2
DA:91,2
DA:92,2
DA:93,2
DA:94,2
DA:95,2
DA:96,2
DA:98,1
DA:99,1
DA:100,1
DA:101,1
DA:102,1
DA:104,1
DA:105,1
DA:106,1
DA:107,1
DA:108,1
DA:109,1
DA:110,1
DA:111,1
DA:113,3
DA:114,3
DA:115,3
DA:116,3
DA:117,3
DA:118,3
DA:119,3
DA:120,3
DA:122,2
DA:123,2
DA:124,2
DA:125,3
DA:127,1
DA:128,1
DA:129,1
DA:130,1
DA:131,1
DA:133,1
DA:134,1
DA:135,1
DA:136,1
DA:137,1
DA:138,1
DA:139,1
DA:140,1
DA:142,7
DA:143,7
DA:144,7
DA:145,7
DA:146,7
DA:147,7
DA:148,8
DA:149,8
DA:150,8
DA:151,5
DA:152,2
DA:153,2
DA:154,3
DA:155,3
DA:156,8
DA:158,1
DA:159,1
DA:161,5
DA:162,5
DA:163,5
DA:164,1
DA:165,1
DA:167,4
DA:168,5
DA:169,5
DA:171,6
DA:172,6
DA:173,6
DA:174,6
DA:175,4
DA:176,4
DA:178,4
DA:179,4
DA:180,4
DA:181,4
DA:182,4
DA:183,4
DA:185,3
DA:186,4
DA:187,2
DA:188,2
DA:190,2
DA:191,2
DA:192,2
DA:193,2
DA:194,2
DA:195,2
DA:196,2
DA:197,2
DA:198,2
DA:199,2
DA:200,2
DA:202,2
DA:203,2
DA:204,2
DA:205,2
DA:206,2
DA:207,2
DA:208,2
DA:209,2
DA:210,2
DA:211,2
DA:212,2
DA:213,2
DA:214,2
DA:215,2
DA:216,2
DA:218,2
DA:219,2
DA:220,2
DA:221,2
DA:222,2
DA:223,2
DA:224,2
DA:225,2
DA:226,2
DA:227,2
DA:228,2
LF:148
LH:148
BRDA:48,0,0,7
BRDA:52,1,0,6
BRDA:79,2,0,6
BRDA:81,3,0,2
BRDA:81,4,0,4
BRDA:84,5,0,2
BRDA:89,6,0,2
BRDA:96,7,0,1
BRDA:113,8,0,3
BRDA:120,9,0,1
BRDA:120,10,0,2
BRDA:125,11,0,1
BRDA:122,12,0,2
BRDA:142,13,0,7
BRDA:147,14,0,8
BRDA:150,15,0,5
BRDA:151,16,0,3
BRDA:151,17,0,2
BRDA:153,18,0,3
BRDA:156,19,0,1
BRDA:161,20,0,5
BRDA:163,21,0,1
BRDA:165,22,0,4
BRDA:168,23,0,4
BRDA:168,24,0,3
BRDA:171,25,0,6
BRDA:173,26,0,1
BRDA:173,27,0,5
BRDA:174,28,0,1
BRDA:174,29,0,4
BRDA:178,30,0,4
BRDA:183,31,0,1
BRDA:183,32,0,3
BRDA:186,33,0,1
BRDA:186,34,0,2
BRDA:190,35,0,2
BRDA:202,36,0,2
BRDA:213,37,0,1
BRDA:213,38,0,1
BRDA:218,39,0,2
BRDA:223,40,0,1
BRDA:223,41,0,1
BRF:42
BRH:42
end_of_record
